C51 COMPILER V9.54   TIMER                                                                 10/29/2018 11:08:30 PAGE 1   


C51 COMPILER V9.54, COMPILATION OF MODULE TIMER
OBJECT MODULE PLACED IN .\list\timer.obj
COMPILER INVOKED BY: C:\Keil_v5\C51\BIN\C51.EXE timer.c OPTIMIZE(8,SPEED) BROWSE DEBUG OBJECTEXTEND PRINT(.\list\timer.l
                    -st) OBJECT(.\list\timer.obj)

line level    source

   1          
   2          /*------------------------------------------------------------------*/
   3          /* --- STC MCU International Limited -------------------------------*/
   4          /* --- STC 1T Series MCU RC Demo -----------------------------------*/
   5          /* --- Mobile: (86)13922805190 -------------------------------------*/
   6          /* --- Fax: 86-0513-55012956,55012947,55012969 ---------------------*/
   7          /* --- Tel: 86-0513-55012928,55012929,55012966 ---------------------*/
   8          /* --- Web: www.GXWMCU.com -----------------------------------------*/
   9          /* --- QQ:  800003751 ----------------------------------------------*/
  10          /* If you want to use the program or the program referenced in the  */
  11          /* article, please specify in which data and procedures from STC    */
  12          /*------------------------------------------------------------------*/
  13          
  14          /*************  功能说明        **************
  15          
  16          本文件为STC15xxx系列的定时器初始化和中断程序,用户可以在这个文件中修改自己需要的中断程序.
  17          
  18          
  19          ******************************************/
  20          
  21          
  22          
  23          #include        "timer.h"
  24          
  25          extern  u16             time_us_count;  //中间变量，用户请勿修改。
  26          
  27          u8 _38K_Count = 0;
  28          
  29          
  30          /********************* Timer0中断函数************************/
  31          void timer0_int (void) interrupt TIMER0_VECTOR
  32          {
  33   1              if(_38K_Count--)
  34   1              {
  35   2                      P_PWM = 0;
  36   2              }
  37   1              else
  38   1              {               
  39   2                      P_PWM = 1;
  40   2                      _38K_Count = 2;
  41   2              }
  42   1              
  43   1              if(time_us_count)
  44   1              time_us_count--;
  45   1      }
  46          
  47          /********************* Timer1中断函数************************/
  48          void timer1_int (void) interrupt TIMER1_VECTOR
  49          {
  50   1      //      if(time_us_count)
  51   1      //      time_us_count--;
  52   1      }
  53          
  54          /********************* Timer2中断函数************************/
C51 COMPILER V9.54   TIMER                                                                 10/29/2018 11:08:30 PAGE 2   

  55          void timer2_int (void) interrupt TIMER2_VECTOR
  56          {
  57   1      
  58   1      }
  59          
  60          
  61          //========================================================================
  62          // 函数: u8     Timer_Inilize(u8 TIM, TIM_InitTypeDef *TIMx)
  63          // 描述: 定时器初始化程序.
  64          // 参数: TIMx: 结构参数,请参考timer.h里的定义.
  65          // 返回: 成功返回0, 空操作返回1,错误返回2.
  66          // 版本: V1.0, 2012-10-22
  67          //========================================================================
  68          u8      Timer_Inilize(u8 TIM, TIM_InitTypeDef *TIMx)
  69          {
  70   1              if(TIM > Timer2)        return 1;       //空操作
  71   1      
  72   1              if(TIM == Timer0)
  73   1              {
  74   2                      TR0 = 0;                //停止计数
  75   2                      if(TIMx->TIM_Interrupt == ENABLE)               ET0 = 1;        //允许中断
  76   2                      else                                                                    ET0 = 0;        //禁止中断
  77   2                      if(TIMx->TIM_Polity == PolityHigh)              PT0 = 1;        //高优先级中断
  78   2                      else                                                                    PT0 = 0;        //低优先级中断
  79   2                      if(TIMx->TIM_Mode >  TIM_16BitAutoReloadNoMask) return 2;       //错误
  80   2                      TMOD = (TMOD & ~0x03) | TIMx->TIM_Mode; //工作模式,0: 16位自动重装, 1: 16位定时/计数, 2: 8位自动重装, 3:
             - 16位自动重装, 不可屏蔽中断
  81   2                      if(TIMx->TIM_ClkSource == TIM_CLOCK_12T)        AUXR &= ~0x80;  //12T
  82   2                      if(TIMx->TIM_ClkSource == TIM_CLOCK_1T)         AUXR |=  0x80;  //1T
  83   2                      if(TIMx->TIM_ClkSource == TIM_CLOCK_Ext)        TMOD |=  0x04;  //对外计数或分频
  84   2                      else                                                                            TMOD &= ~0x04;  //定时
  85   2                      if(TIMx->TIM_ClkOut == ENABLE)  INT_CLKO |=  0x01;      //输出时钟
  86   2                      else                                                    INT_CLKO &= ~0x01;      //不输出时钟
  87   2                      
  88   2                      TH0 = (u8)(TIMx->TIM_Value >> 8);
  89   2                      TL0 = (u8)TIMx->TIM_Value;
  90   2                      if(TIMx->TIM_Run == ENABLE)     TR0 = 1;        //开始运行
  91   2                      return  0;              //成功
  92   2              }
  93   1      
  94   1              if(TIM == Timer1)
  95   1              {
  96   2                      TR1 = 0;                //停止计数
  97   2                      if(TIMx->TIM_Interrupt == ENABLE)               ET1 = 1;        //允许中断
  98   2                      else                                                                    ET1 = 0;        //禁止中断
  99   2                      if(TIMx->TIM_Polity == PolityHigh)              PT1 = 1;        //高优先级中断
 100   2                      else                                                                    PT1 = 0;        //低优先级中断
 101   2                      if(TIMx->TIM_Mode >= TIM_16BitAutoReloadNoMask) return 2;       //错误
 102   2                      TMOD = (TMOD & ~0x30) | TIMx->TIM_Mode; //工作模式,0: 16位自动重装, 1: 16位定时/计数, 2: 8位自动重装
 103   2                      if(TIMx->TIM_ClkSource == TIM_CLOCK_12T)        AUXR &= ~0x40;  //12T
 104   2                      if(TIMx->TIM_ClkSource == TIM_CLOCK_1T)         AUXR |=  0x40;  //1T
 105   2                      if(TIMx->TIM_ClkSource == TIM_CLOCK_Ext)        TMOD |=  0x40;  //对外计数或分频
 106   2                      else                                                                            TMOD &= ~0x40;  //定时
 107   2                      if(TIMx->TIM_ClkOut == ENABLE)  INT_CLKO |=  0x02;      //输出时钟
 108   2                      else                                                    INT_CLKO &= ~0x02;      //不输出时钟
 109   2                      
 110   2                      TH1 = (u8)(TIMx->TIM_Value >> 8);
 111   2                      TL1 = (u8)TIMx->TIM_Value;
 112   2                      if(TIMx->TIM_Run == ENABLE)     TR1 = 1;        //开始运行
 113   2                      return  0;              //成功
 114   2              }
 115   1      
C51 COMPILER V9.54   TIMER                                                                 10/29/2018 11:08:30 PAGE 3   

 116   1              if(TIM == Timer2)               //Timer2,固定为16位自动重装, 中断无优先级
 117   1              {
 118   2                      AUXR &= ~(1<<4);        //停止计数
 119   2                      if(TIMx->TIM_Interrupt == ENABLE)                       IE2  |=  (1<<2);        //允许中断
 120   2                      else                                                                            IE2  &= ~(1<<2);        //禁止中断
 121   2                      if(TIMx->TIM_ClkSource >  TIM_CLOCK_Ext)        return 2;
 122   2                      if(TIMx->TIM_ClkSource == TIM_CLOCK_12T)        AUXR &= ~(1<<2);        //12T
 123   2                      if(TIMx->TIM_ClkSource == TIM_CLOCK_1T)         AUXR |=  (1<<2);        //1T
 124   2                      if(TIMx->TIM_ClkSource == TIM_CLOCK_Ext)        AUXR |=  (1<<3);        //对外计数或分频
 125   2                      else                                                                            AUXR &= ~(1<<3);        //定时
 126   2                      if(TIMx->TIM_ClkOut == ENABLE)  INT_CLKO |=  0x04;      //输出时钟
 127   2                      else                                                    INT_CLKO &= ~0x04;      //不输出时钟
 128   2      
 129   2                      TH2 = (u8)(TIMx->TIM_Value >> 8);
 130   2                      TL2 = (u8)TIMx->TIM_Value;
 131   2                      if(TIMx->TIM_Run == ENABLE)     AUXR |=  (1<<4);        //开始运行
 132   2                      return  0;              //成功
 133   2              }
 134   1              return 2;       //错误
 135   1      }


MODULE INFORMATION:   STATIC OVERLAYABLE
   CODE SIZE        =    459    ----
   CONSTANT SIZE    =   ----    ----
   XDATA SIZE       =   ----    ----
   PDATA SIZE       =   ----    ----
   DATA SIZE        =      1    ----
   IDATA SIZE       =   ----    ----
   BIT SIZE         =   ----    ----
END OF MODULE INFORMATION.


C51 COMPILATION COMPLETE.  0 WARNING(S),  0 ERROR(S)
