Removed Pin From Net: NetName=+24 Pin=P2-1
Removed Pin From Net: NetName=GND Pin=P2-2
Removed Pin From Net: NetName=+12_B Pin=P2-3
Removed Pin From Net: NetName=GND Pin=P2-4
Removed Member From Class: ClassName=R3Change Member=L?
Removed Member From Class: ClassName=R3Change Member=P2
Change Component Designator: OldDesignator=12V_1 NewDesignator=1
Change Component Designator: OldDesignator=12V_2 NewDesignator=2
Change Component Designator: OldDesignator=12V_3 NewDesignator=4
Change Component Designator: OldDesignator=12V_4 NewDesignator=5
Change Component Designator: OldDesignator=12V_5 NewDesignator=6
Change Component Designator: OldDesignator=C? NewDesignator=C1
Change Component Designator: OldDesignator=C? NewDesignator=C2
Change Component Designator: OldDesignator=D3 NewDesignator=D2
Change Component Designator: OldDesignator=D4 NewDesignator=D3
Change Component Designator: OldDesignator=D5 NewDesignator=D4
Change Component Designator: OldDesignator=D6 NewDesignator=D5
Change Component Designator: OldDesignator=D? NewDesignator=D1
Change Component Designator: OldDesignator=L1 NewDesignator=L4
Change Component Designator: OldDesignator=L2 NewDesignator=L3
Change Component Designator: OldDesignator=L? NewDesignator=L1
Change Component Designator: OldDesignator=R1 NewDesignator=R5
Change Component Designator: OldDesignator=R2 NewDesignator=R4
Change Component Designator: OldDesignator=R4 NewDesignator=R2
Change Component Designator: OldDesignator=R5 NewDesignator=R7
Change Component Designator: OldDesignator=R7 NewDesignator=R1
Change Component Designator: OldDesignator=V? NewDesignator=V1
Added Component: Designator=C3(Cap_5.0)
Add component. Clean all parameters for all variants
Add component (AddParameter): Name = "Value"; Value = "220uF/50V"; VariantName = "[No Variations]"
Added Component: Designator=C4(Cap_5.0)
Add component. Clean all parameters for all variants
Add component (AddParameter): Name = "Value"; Value = "1000uF/25V"; VariantName = "[No Variations]"
Added Component: Designator=D6(LC-SMA(DO-214AC)_S1)
Add component. Clean all parameters for all variants
Add component (AddParameter): Name = "ComponentLink1Description"; Value = "供应商链接"; VariantName = "[No Variations]"
Add component (AddParameter): Name = "ComponentLink1URL"; Value = "http://www.szlcsc.com/product/details_23178.html"; VariantName = "[No Variations]"
Add component (AddParameter): Name = "Package"; Value = "SMA(DO-214AC)"; VariantName = "[No Variations]"
Add component (AddParameter): Name = "Supplier"; Value = "LC"; VariantName = "[No Variations]"
Add component (AddParameter): Name = "SuppliersPartNumber"; Value = "C22452"; VariantName = "[No Variations]"
Added Component: Designator=L2(Inductor)
Add component. Clean all parameters for all variants
Added Component: Designator=V2(LC-TO-220-5)
Add component. Clean all parameters for all variants
Added Pin To Net: NetName=+24 Pin=C3-1
Added Pin To Net: NetName=GND Pin=C3-2
Added Pin To Net: NetName=+12_B Pin=C4-1
Added Pin To Net: NetName=GND Pin=C4-2
Added Pin To Net: NetName=GND Pin=D6-1
Added Pin To Net: NetName=+12_B Pin=L2-2
Added Pin To Net: NetName=+24 Pin=V2-1
Added Pin To Net: NetName=GND Pin=V2-3
Added Pin To Net: NetName=+12_B Pin=V2-4
Added Pin To Net: NetName=GND Pin=V2-5
Change Net Name : Old Net Name=NetD3_1 New Net Name=NetD2_1
Change Net Name : Old Net Name=NetD?_2 New Net Name=NetD1_2
Change Net Name : Old Net Name=NetL1_1 New Net Name=NetL4_1
Change Net Name : Old Net Name=NetL1_2 New Net Name=NetL4_2
Change Net Name : Old Net Name=NetL2_1 New Net Name=NetL3_1
Change Net Name : Old Net Name=NetL2_2 New Net Name=NetL3_2
Change Net Name : Old Net Name=NetR5_1 New Net Name=NetR7_1
Added Pin To Net: NetName=NetD6_2 Pin=D6-2
Added Pin To Net: NetName=NetD6_2 Pin=L2-1
Added Pin To Net: NetName=NetD6_2 Pin=V2-2
Added Net: Name=NetD6_2
Added Member To Class: ClassName=R3Change Member=Component C2 Cap
Added Member To Class: ClassName=R3Change Member=Component C3 Cap
Added Member To Class: ClassName=R3Change Member=Component C4 Cap
Added Member To Class: ClassName=R3Change Member=Component D6 SS54
Added Member To Class: ClassName=R3Change Member=Component L3 47uH ±10%
Added Member To Class: ClassName=R3Change Member=Component L4 47uH ±10%
Added Member To Class: ClassName=R3Change Member=Component V2 LM2596
