Removed Pin From Net: NetName=Net12A指示灯_1 Pin=12A指示灯-1
Removed Pin From Net: NetName=GND Pin=12A指示灯-2
Removed Pin From Net: NetName=Net12B指示灯_1 Pin=12B指示灯-1
Removed Pin From Net: NetName=GND Pin=12B指示灯-2
Removed Pin From Net: NetName=+12_A Pin=12V_1-1
Removed Pin From Net: NetName=GND Pin=12V_1-2
Removed Pin From Net: NetName=+12_A Pin=12V_1-3
Removed Pin From Net: NetName=GND Pin=12V_1-4
Removed Pin From Net: NetName=+12_A Pin=12V_2-1
Removed Pin From Net: NetName=GND Pin=12V_2-2
Removed Pin From Net: NetName=+12_A Pin=12V_2-3
Removed Pin From Net: NetName=GND Pin=12V_2-4
Removed Pin From Net: NetName=+12_A Pin=12V_3-1
Removed Pin From Net: NetName=GND Pin=12V_3-2
Removed Pin From Net: NetName=+12_A Pin=12V_3-3
Removed Pin From Net: NetName=GND Pin=12V_3-4
Removed Pin From Net: NetName=+12_A Pin=12V_4-1
Removed Pin From Net: NetName=GND Pin=12V_4-2
Removed Pin From Net: NetName=+12_A Pin=12V_4-3
Removed Pin From Net: NetName=GND Pin=12V_4-4
Removed Pin From Net: NetName=Net12A指示灯_1 Pin=D11-A
Removed Pin From Net: NetName=NetD12_A Pin=D12-A
Removed Pin From Net: NetName=NetD14_A Pin=D14-A
Removed Pin From Net: NetName=+24_A Pin=F1-2
Removed Pin From Net: NetName=+24_A Pin=F1-2
Removed Pin From Net: NetName=NetD14_A Pin=R5-1
Removed Pin From Net: NetName=NetD12_A Pin=R6-1
Removed Pin From Net: NetName=Net12A指示灯_1 Pin=R7-2
Removed Pin From Net: NetName=NetD3_1 Pin=充电1-1
Removed Pin From Net: NetName=GND Pin=充电1-2
Removed Pin From Net: NetName=NetD3_1 Pin=充电1-3
Removed Pin From Net: NetName=GND Pin=充电1-4
Removed Pin From Net: NetName=NetD3_1 Pin=充电2-1
Removed Pin From Net: NetName=GND Pin=充电2-2
Removed Pin From Net: NetName=NetD3_1 Pin=充电2-3
Removed Pin From Net: NetName=GND Pin=充电2-4
Removed Pin From Net: NetName=NetD14_A Pin=充电指示灯-1
Removed Pin From Net: NetName=GND Pin=充电指示灯-2
Removed Pin From Net: NetName=+24 Pin=开关-1
Removed Pin From Net: NetName=+24_A Pin=开关-2
Removed Pin From Net: NetName=+24 Pin=开关-3
Removed Pin From Net: NetName=+24_A Pin=开关-4
Removed Pin From Net: NetName=NetD12_A Pin=开关指示灯-1
Removed Pin From Net: NetName=GND Pin=开关指示灯-2
Removed Pin From Net: NetName=驱动 Pin=急停-3
Removed Pin From Net: NetName=+24 Pin=急停-4
Removed Pin From Net: NetName=+12_B Pin=电脑-1
Removed Pin From Net: NetName=GND Pin=电脑-2
Removed Pin From Net: NetName=+12_B Pin=电脑-3
Removed Pin From Net: NetName=GND Pin=电脑-4
Removed Member From Class: ClassName=R3Change Member=D11
Removed Member From Class: ClassName=R3Change Member=D13
Removed Member From Class: ClassName=R3Change Member=充电指示灯
Removed Member From Class: ClassName=R3Change Member=开关指示灯
Change Component Footprint: Designator=12V_1 Old Footprint=HEADER 2X2 New Footprint=VH-2A
Change Component Footprint: Designator=12V_2 Old Footprint=HEADER 2X2 New Footprint=VH-2A
Change Component Footprint: Designator=12V_3 Old Footprint=HEADER 2X2 New Footprint=VH-2A
Change Component Footprint: Designator=12V_4 Old Footprint=HEADER 2X2 New Footprint=VH-2A
Change Component Footprint: Designator=充电1 Old Footprint=HEADER 2X2 New Footprint=VH-2A
Change Component Footprint: Designator=充电2 Old Footprint=HEADER 2X2 New Footprint=VH-2A
Change Component Footprint: Designator=开关 Old Footprint=HEADER 2X2 New Footprint=VH-2A
Change Component Footprint: Designator=急停 Old Footprint=HEADER 2X2 New Footprint=VH-2A
Change Component Footprint: Designator=电脑 Old Footprint=HEADER 2X2 New Footprint=VH-2A
Change Component Comment : Designator=12V_1 Old Comment=插座 New Comment=Header 2
Change Component Comment : Designator=12V_2 Old Comment=插座 New Comment=Header 2
Change Component Comment : Designator=12V_3 Old Comment=插座 New Comment=Header 2
Change Component Comment : Designator=12V_4 Old Comment=插座 New Comment=Header 2
Change Component Comment : Designator=充电1 Old Comment=插座 New Comment=Header 2
Change Component Comment : Designator=充电2 Old Comment=插座 New Comment=Header 2
Change Component Comment : Designator=开关 Old Comment=插座 New Comment=Header 2
Change Component Comment : Designator=急停 Old Comment=插座 New Comment=Header 2
Change Component Comment : Designator=电脑 Old Comment=插座 New Comment=Header 2
Change Component Designator: OldDesignator=D11 NewDesignator=12A指示灯
Change Component Designator: OldDesignator=D12 NewDesignator=开关指示灯
Change Component Designator: OldDesignator=D13 NewDesignator=12B指示灯
Change Component Designator: OldDesignator=D14 NewDesignator= 充电指示灯
Added Component: Designator=12V_5(VH-2A)
Add component. Clean all parameters for all variants
Added Pin To Net: NetName=NetD12_A Pin=12A指示灯-A
Added Pin To Net: NetName=GND Pin=12V_1-1
Added Pin To Net: NetName=+12_A Pin=12V_1-2
Added Pin To Net: NetName=GND Pin=12V_2-1
Added Pin To Net: NetName=+12_A Pin=12V_2-2
Added Pin To Net: NetName=GND Pin=12V_3-1
Added Pin To Net: NetName=+12_A Pin=12V_3-2
Added Pin To Net: NetName=GND Pin=12V_4-1
Added Pin To Net: NetName=+12_A Pin=12V_4-2
Added Pin To Net: NetName=GND Pin=12V_5-1
Added Pin To Net: NetName=+12_A Pin=12V_5-2
Added Pin To Net: NetName=NetD14_A Pin=F1-2
Added Pin To Net: NetName=NetD14_A Pin=F1-2
Added Pin To Net: NetName=Net12A指示灯_1 Pin=R5-1
Added Pin To Net: NetName=+24_A Pin=R6-1
Added Pin To Net: NetName=NetD12_A Pin=R7-2
Added Pin To Net: NetName=GND Pin=充电1-1
Added Pin To Net: NetName=NetD3_1 Pin=充电1-2
Added Pin To Net: NetName=GND Pin=充电2-1
Added Pin To Net: NetName=NetD3_1 Pin=充电2-2
Added Pin To Net: NetName=Net12A指示灯_1 Pin= 充电指示灯-A
Added Pin To Net: NetName=NetD14_A Pin=开关-1
Added Pin To Net: NetName=+24 Pin=开关-2
Added Pin To Net: NetName=+24_A Pin=开关指示灯-A
Added Pin To Net: NetName=GND Pin=电脑-1
Added Pin To Net: NetName=+12_B Pin=电脑-2
Change Net Name : Old Net Name=+24_A New Net Name=NetR6_1
Change Net Name : Old Net Name=Net12A指示灯_1 New Net Name=NetR5_1
Change Net Name : Old Net Name=Net12B指示灯_1 New Net Name=Net12B指示灯_A
Change Net Name : Old Net Name=NetD12_A New Net Name=Net12A指示灯_A
Change Net Name : Old Net Name=NetD14_A New Net Name=+24_Bat
Added Member To Class: ClassName=R3Change Member=Component 12V_5 Header 2
