Change Component Designator: Old Designator=12V_1 New Designator=1
Change Component Designator: Old Designator=12V_2 New Designator=2
Change Component Designator: Old Designator=12V_3 New Designator=4
Change Component Designator: Old Designator=12V_4 New Designator=5
Change Component Designator: Old Designator=12V_5 New Designator=6
Change Component Designator: Old Designator=C? New Designator=C1
Change Component Designator: Old Designator=C? New Designator=C2
Change Component Designator: Old Designator=C? New Designator=C3
Change Component Designator: Old Designator=C? New Designator=C4
Change Component Designator: Old Designator=D3 New Designator=D2
Change Component Designator: Old Designator=D4 New Designator=D3
Change Component Designator: Old Designator=D5 New Designator=D4
Change Component Designator: Old Designator=D6 New Designator=D5
Change Component Designator: Old Designator=D? New Designator=D1
Change Component Designator: Old Designator=D? New Designator=D6
Change Component Designator: Old Designator=L1 New Designator=L4
Change Component Designator: Old Designator=L2 New Designator=L3
Change Component Designator: Old Designator=L? New Designator=L1
Change Component Designator: Old Designator=L? New Designator=L2
Change Component Designator: Old Designator=R1 New Designator=R5
Change Component Designator: Old Designator=R2 New Designator=R4
Change Component Designator: Old Designator=R4 New Designator=R2
Change Component Designator: Old Designator=R5 New Designator=R7
Change Component Designator: Old Designator=R7 New Designator=R1
