Removed Pin From Net: NetName=+24 Pin=P1-1
Removed Pin From Net: NetName=GND Pin=P1-2
Removed Pin From Net: NetName=+12_A Pin=P1-3
Removed Pin From Net: NetName=GND Pin=P1-4
Removed Member From Class: ClassName=R3Change Member=P1
Added Component: Designator=C5.0(Cap_5.0)
Add component. Clean all parameters for all variants
Add component (AddParameter): Name = "Value"; Value = "10uF"; VariantName = "[No Variations]"
Added Component: Designator=C6.0(Cap_6.0)
Add component. Clean all parameters for all variants
Add component (AddParameter): Name = "Value"; Value = "10uF"; VariantName = "[No Variations]"
Added Component: Designator=C?(Cap_5.0)
Add component. Clean all parameters for all variants
Add component (AddParameter): Name = "Value"; Value = "680uf"; VariantName = "[No Variations]"
Added Component: Designator=C?(Cap_5.0)
Add component. Clean all parameters for all variants
Add component (AddParameter): Name = "Value"; Value = "1000uf"; VariantName = "[No Variations]"
Added Component: Designator=D?(LC-SMA(DO-214AC)_S1)
Add component. Clean all parameters for all variants
Add component (AddParameter): Name = "ComponentLink1Description"; Value = "供应商链接"; VariantName = "[No Variations]"
Add component (AddParameter): Name = "ComponentLink1URL"; Value = "http://www.szlcsc.com/product/details_23178.html"; VariantName = "[No Variations]"
Add component (AddParameter): Name = "Package"; Value = "SMA(DO-214AC)"; VariantName = "[No Variations]"
Add component (AddParameter): Name = "Supplier"; Value = "LC"; VariantName = "[No Variations]"
Add component (AddParameter): Name = "SuppliersPartNumber"; Value = "C22452"; VariantName = "[No Variations]"
Added Component: Designator=L?(Inductor)
Add component. Clean all parameters for all variants
Added Component: Designator=V?(LC-TO-220-5)
Add component. Clean all parameters for all variants
Added Pin To Net: NetName=+12_A Pin=C?-1
Added Pin To Net: NetName=+24 Pin=C?-1
Added Pin To Net: NetName=GND Pin=C?-2
Added Pin To Net: NetName=GND Pin=C?-2
Added Pin To Net: NetName=GND Pin=D?-1
Added Pin To Net: NetName=+12_A Pin=L?-2
Added Pin To Net: NetName=+24 Pin=V?-1
Added Pin To Net: NetName=GND Pin=V?-3
Added Pin To Net: NetName=+12_A Pin=V?-4
Added Pin To Net: NetName=GND Pin=V?-5
Added Pin To Net: NetName=NetD?_2 Pin=D?-2
Added Pin To Net: NetName=NetD?_2 Pin=L?-1
Added Pin To Net: NetName=NetD?_2 Pin=V?-2
Added Net: Name=NetD?_2
Added Member To Class: ClassName=R3Change Member=Component C5.0 Cap
Added Member To Class: ClassName=R3Change Member=Component C6.0 Cap
Added Member To Class: ClassName=R3Change Member=Component C? Cap
Added Member To Class: ClassName=R3Change Member=Component C? Cap
Added Member To Class: ClassName=R3Change Member=Component D? SS54
Added Member To Class: ClassName=R3Change Member=Component L? Inducotor
Added Member To Class: ClassName=R3Change Member=Component V? LM2596
