Change Component Designator: Old Designator=C4 New Designator=C5
Change Component Designator: Old Designator=C5 New Designator=C6
Change Component Designator: Old Designator=C6 New Designator=C7
Change Component Designator: Old Designator=C7 New Designator=C8
Change Component Designator: Old Designator=C8 New Designator=C9
Change Component Designator: Old Designator=C9 New Designator=C4
Change Component Designator: Old Designator=D2 New Designator=D6
Change Component Designator: Old Designator=D3 New Designator=D5
Change Component Designator: Old Designator=D4 New Designator=D9
Change Component Designator: Old Designator=D5 New Designator=D4
Change Component Designator: Old Designator=D6 New Designator=D2
Change Component Designator: Old Designator=D8 New Designator=D3
Change Component Designator: Old Designator=D9 New Designator=D8
Change Component Designator: Old Designator=R1 New Designator=R3
Change Component Designator: Old Designator=R2 New Designator=R6
Change Component Designator: Old Designator=R3 New Designator=R4
Change Component Designator: Old Designator=R4 New Designator=R2
Change Component Designator: Old Designator=R? New Designator=R1
Change Component Designator: Old Designator=U4 New Designator=U5
Change Component Designator: Old Designator=U5 New Designator=U4
