Removed Pin From Net: NetName=12_IN Pin=D1-1
Removed Pin From Net: NetName=GND Pin=D2-1
Removed Pin From Net: NetName=+5 Pin=D2-2
Removed Pin From Net: NetName=NetD3_2 Pin=D3-2
Removed Pin From Net: NetName=NetD3_2 Pin=L1-2
Removed Pin From Net: NetName=12_IN Pin=P1-1
Removed Pin From Net: NetName=GND Pin=P1-2
Removed Pin From Net: NetName=NetR1_1 Pin=R1-1
Removed Pin From Net: NetName=+24 Pin=R1-2
Removed Pin From Net: NetName=NetD3_2 Pin=U1-2
Removed Member From Class: ClassName=R3P900 Member=P1
Change Component Footprint: Designator=C2 Old Footprint=CC6.56.5 New Footprint=CAP_3.5
Change Component Footprint: Designator=C3 Old Footprint=LC-0805_C New Footprint=LC-0603_C
Change Component Footprint: Designator=D2 Old Footprint=LC-LL-34 New Footprint=LC-SMA(DO-214AC)_S1
Change Component Footprint: Designator=D3 Old Footprint=LC-SMA(DO-214AC)_S1 New Footprint=SMBJ
Change Component Comment : Designator=L1 Old Comment=4.7uH New Comment=68uH
Change Component Comment : Designator=C3 Old Comment=100nF(104) 10% 50V New Comment=100nF (104) 10% 50V
Change Component Comment : Designator=C2 Old Comment=220uF New Comment=220uf/35V
Change Component Comment : Designator=C1 Old Comment=Cap New Comment=470uf/50V
Change Component Comment : Designator=D3 Old Comment=SS54 New Comment=SMBJ5.0A
Change Component Comment : Designator=D2 Old Comment=ZMM5V6 New Comment=SS54
Change Component Designator: OldDesignator=U1 NewDesignator=U2
Change component parameters: Designator = "C1"; Footprint = "Cap_5.0"; UniqueID = "\XYLHITLX"
Change component parameters. Clean all parameters for all variants
Change component parameters: Designator = "C3"; Footprint = "LC-0603_C"; UniqueID = "\OAMORWIT"
Change component parameters. Clean all parameters for all variants
Change component parameters (AddParameter): Name = "ComponentLink1Description"; Value = "供应商链接"; VariantName = "[No Variations]"
Change component parameters (AddParameter): Name = "ComponentLink1URL"; Value = "http://www.szlcsc.com/product/details_15331.html"; VariantName = "[No Variations]"
Change component parameters (AddParameter): Name = "Package"; Value = "0603"; VariantName = "[No Variations]"
Change component parameters (AddParameter): Name = "Supplier"; Value = "LC"; VariantName = "[No Variations]"
Change component parameters (AddParameter): Name = "SuppliersPartNumber"; Value = "C14663"; VariantName = "[No Variations]"
Change component parameters: Designator = "D2"; Footprint = "LC-SMA(DO-214AC)_S1"; UniqueID = "\FAQTMOVK"
Change component parameters. Clean all parameters for all variants
Change component parameters (AddParameter): Name = "ComponentLink1Description"; Value = "供应商链接"; VariantName = "[No Variations]"
Change component parameters (AddParameter): Name = "ComponentLink1URL"; Value = "http://www.szlcsc.com/product/details_23178.html"; VariantName = "[No Variations]"
Change component parameters (AddParameter): Name = "Package"; Value = "SMA(DO-214AC)"; VariantName = "[No Variations]"
Change component parameters (AddParameter): Name = "Supplier"; Value = "LC"; VariantName = "[No Variations]"
Change component parameters (AddParameter): Name = "SuppliersPartNumber"; Value = "C22452"; VariantName = "[No Variations]"
Change component parameters: Designator = "D3"; Footprint = "SMBJ"; UniqueID = "\ABXQOFHV"
Change component parameters. Clean all parameters for all variants
Added Component: Designator=C4(LC-0805_C)
Add component. Clean all parameters for all variants
Add component (AddParameter): Name = "ComponentLink1Description"; Value = "供应商链接"; VariantName = "[No Variations]"
Add component (AddParameter): Name = "ComponentLink1URL"; Value = "http://www.szlcsc.com/product/details_16532.html"; VariantName = "[No Variations]"
Add component (AddParameter): Name = "Package"; Value = "0805"; VariantName = "[No Variations]"
Add component (AddParameter): Name = "Supplier"; Value = "LC"; VariantName = "[No Variations]"
Add component (AddParameter): Name = "SuppliersPartNumber"; Value = "C15850"; VariantName = "[No Variations]"
Added Component: Designator=C5(LC-0805_C)
Add component. Clean all parameters for all variants
Add component (AddParameter): Name = "ComponentLink1Description"; Value = "供应商链接"; VariantName = "[No Variations]"
Add component (AddParameter): Name = "ComponentLink1URL"; Value = "http://www.szlcsc.com/product/details_46786.html"; VariantName = "[No Variations]"
Add component (AddParameter): Name = "Package"; Value = "0805"; VariantName = "[No Variations]"
Add component (AddParameter): Name = "Supplier"; Value = "LC"; VariantName = "[No Variations]"
Add component (AddParameter): Name = "SuppliersPartNumber"; Value = "C45783"; VariantName = "[No Variations]"
Added Component: Designator=D4(SMBJ)
Add component. Clean all parameters for all variants
Added Component: Designator=P_IN(VH-2A)
Add component. Clean all parameters for all variants
Added Component: Designator=RESET(KEY_M)
Add component. Clean all parameters for all variants
Added Component: Designator=U1(XL4016E1)
Add component. Clean all parameters for all variants
Added Component: Designator=VR1(LC-SOT-223)
Add component. Clean all parameters for all variants
Add component (AddParameter): Name = "ComponentLink1Description"; Value = "供应商链接"; VariantName = "[No Variations]"
Add component (AddParameter): Name = "ComponentLink1URL"; Value = "http://www.szlcsc.com/product/details_6652.html"; VariantName = "[No Variations]"
Add component (AddParameter): Name = "Package"; Value = "SOT-223"; VariantName = "[No Variations]"
Add component (AddParameter): Name = "Supplier"; Value = "LC"; VariantName = "[No Variations]"
Add component (AddParameter): Name = "SuppliersPartNumber"; Value = "C6186"; VariantName = "[No Variations]"
Added Pin To Net: NetName=GND Pin=C4-1
Added Pin To Net: NetName=+5 Pin=C4-2
Added Pin To Net: NetName=GND Pin=C5-1
Added Pin To Net: NetName=NetR1_1 Pin=D1-1
Added Pin To Net: NetName=12_IN Pin=D2-1
Added Pin To Net: NetName=GND Pin=D2-2
Added Pin To Net: NetName=+5 Pin=D3-2
Added Pin To Net: NetName=GND Pin=D4-1
Added Pin To Net: NetName=12_IN Pin=L1-2
Added Pin To Net: NetName=NetR1_1 Pin=P_IN-1
Added Pin To Net: NetName=GND Pin=P_IN-2
Added Pin To Net: NetName=+24 Pin=R1-1
Added Pin To Net: NetName=NetD3_2 Pin=R1-2
Added Pin To Net: NetName=+24 Pin=U1-1
Added Pin To Net: NetName=GND Pin=U1-2
Added Pin To Net: NetName=GND Pin=U1-4
Added Pin To Net: NetName=12_IN Pin=U2-2
Added Pin To Net: NetName=GND Pin=VR1-1
Added Pin To Net: NetName=+5 Pin=VR1-3
Change Net Name : Old Net Name=12_IN New Net Name=NetD2_1
Change Net Name : Old Net Name=NetD3_2 New Net Name=NetR1_2
Change Net Name : Old Net Name=NetR1_1 New Net Name=24_IN
Added Pin To Net: NetName=+3.3 Pin=C5-2
Added Pin To Net: NetName=+3.3 Pin=D4-2
Added Pin To Net: NetName=+3.3 Pin=VR1-2
Added Pin To Net: NetName=+3.3 Pin=VR1-2
Added Net: Name=+3.3
Added Pin To Net: NetName=+12 Pin=U1-3
Added Net: Name=+12
Added Member To Class: ClassName=R3P900 Member=Component C4 10uF (106) 10% 25V
Added Member To Class: ClassName=R3P900 Member=Component C5 22uF (226) 20% 25V
Added Member To Class: ClassName=R3P900 Member=Component D4 SMBJ5.0A
Added Member To Class: ClassName=R3P900 Member=Component P_IN Header 2
Added Member To Class: ClassName=R3P900 Member=Component RESET KEY_M
Added Member To Class: ClassName=R3P900 Member=Component U2 LM2596
Added Member To Class: ClassName=R3P900 Member=Component VR1 AMS1117-3.3
