Added Component: Designator=12V电源(LC-0805_LED_S1)
Add component. Clean all parameters for all variants
Add component (AddParameter): Name = "ComponentLink1Description"; Value = "供应商链接"; VariantName = "[No Variations]"
Add component (AddParameter): Name = "ComponentLink1URL"; Value = "http://www.szlcsc.com/product/details_2668.html"; VariantName = "[No Variations]"
Add component (AddParameter): Name = "Package"; Value = "0805"; VariantName = "[No Variations]"
Add component (AddParameter): Name = "Supplier"; Value = "LC"; VariantName = "[No Variations]"
Add component (AddParameter): Name = "SuppliersPartNumber"; Value = "C2295"; VariantName = "[No Variations]"
Added Component: Designator=R7(LC-0805_R)
Add component. Clean all parameters for all variants
Add component (AddParameter): Name = "ComponentLink1Description"; Value = "供应商链接"; VariantName = "[No Variations]"
Add component (AddParameter): Name = "ComponentLink1URL"; Value = "http://www.szlcsc.com/product/details_18102.html"; VariantName = "[No Variations]"
Add component (AddParameter): Name = "Package"; Value = "0805"; VariantName = "[No Variations]"
Add component (AddParameter): Name = "Supplier"; Value = "LC"; VariantName = "[No Variations]"
Add component (AddParameter): Name = "SuppliersPartNumber"; Value = "C17414"; VariantName = "[No Variations]"
Added Pin To Net: NetName=GND Pin=12V电源-K
Added Pin To Net: NetName=+12 Pin=R7-2
Added Pin To Net: NetName=Net12V电源_A Pin=12V电源-A
Added Pin To Net: NetName=Net12V电源_A Pin=R7-1
Added Net: Name=Net12V电源_A
Added Member To Class: ClassName=R3P900 Member=Component 12V电源 红灯 0805
Added Member To Class: ClassName=R3P900 Member=Component R7 10KΩ (1002) ±1%
