Added Component: Designator=C?(LC-0805_C)
Add component. Clean all parameters for all variants
Add component (AddParameter): Name = "ComponentLink1Description"; Value = "供应商链接"; VariantName = "[No Variations]"
Add component (AddParameter): Name = "ComponentLink1URL"; Value = "http://www.szlcsc.com/product/details_50686.html"; VariantName = "[No Variations]"
Add component (AddParameter): Name = "Package"; Value = "0805"; VariantName = "[No Variations]"
Add component (AddParameter): Name = "Supplier"; Value = "LC"; VariantName = "[No Variations]"
Add component (AddParameter): Name = "SuppliersPartNumber"; Value = "C49678"; VariantName = "[No Variations]"
Added Component: Designator=C?(LC-0805_C)
Add component. Clean all parameters for all variants
Add component (AddParameter): Name = "ComponentLink1Description"; Value = "供应商链接"; VariantName = "[No Variations]"
Add component (AddParameter): Name = "ComponentLink1URL"; Value = "http://www.szlcsc.com/product/details_2131.html"; VariantName = "[No Variations]"
Add component (AddParameter): Name = "Package"; Value = "0805"; VariantName = "[No Variations]"
Add component (AddParameter): Name = "Supplier"; Value = "LC"; VariantName = "[No Variations]"
Add component (AddParameter): Name = "SuppliersPartNumber"; Value = "C1779"; VariantName = "[No Variations]"
Added Component: Designator=D?(LC-0805_LED_S1)
Add component. Clean all parameters for all variants
Add component (AddParameter): Name = "ComponentLink1Description"; Value = "供应商链接"; VariantName = "[No Variations]"
Add component (AddParameter): Name = "ComponentLink1URL"; Value = "http://www.szlcsc.com/product/details_2668.html"; VariantName = "[No Variations]"
Add component (AddParameter): Name = "Package"; Value = "0805"; VariantName = "[No Variations]"
Add component (AddParameter): Name = "Supplier"; Value = "LC"; VariantName = "[No Variations]"
Add component (AddParameter): Name = "SuppliersPartNumber"; Value = "C2295"; VariantName = "[No Variations]"
Added Component: Designator=D?(LC-0805_LED_S1)
Add component. Clean all parameters for all variants
Add component (AddParameter): Name = "ComponentLink1Description"; Value = "供应商链接"; VariantName = "[No Variations]"
Add component (AddParameter): Name = "ComponentLink1URL"; Value = "http://www.szlcsc.com/product/details_2670.html"; VariantName = "[No Variations]"
Add component (AddParameter): Name = "Package"; Value = "0805"; VariantName = "[No Variations]"
Add component (AddParameter): Name = "Supplier"; Value = "LC"; VariantName = "[No Variations]"
Add component (AddParameter): Name = "SuppliersPartNumber"; Value = "C2297"; VariantName = "[No Variations]"
Added Component: Designator=R?(LC-0805_R)
Add component. Clean all parameters for all variants
Add component (AddParameter): Name = "ComponentLink1Description"; Value = "供应商链接"; VariantName = "[No Variations]"
Add component (AddParameter): Name = "ComponentLink1URL"; Value = "http://www.szlcsc.com/product/details_18102.html"; VariantName = "[No Variations]"
Add component (AddParameter): Name = "Package"; Value = "0805"; VariantName = "[No Variations]"
Add component (AddParameter): Name = "Supplier"; Value = "LC"; VariantName = "[No Variations]"
Add component (AddParameter): Name = "SuppliersPartNumber"; Value = "C17414"; VariantName = "[No Variations]"
Added Component: Designator=R?(LC-0805_R)
Add component. Clean all parameters for all variants
Add component (AddParameter): Name = "ComponentLink1Description"; Value = "供应商链接"; VariantName = "[No Variations]"
Add component (AddParameter): Name = "ComponentLink1URL"; Value = "http://www.szlcsc.com/product/details_18102.html"; VariantName = "[No Variations]"
Add component (AddParameter): Name = "Package"; Value = "0805"; VariantName = "[No Variations]"
Add component (AddParameter): Name = "Supplier"; Value = "LC"; VariantName = "[No Variations]"
Add component (AddParameter): Name = "SuppliersPartNumber"; Value = "C17414"; VariantName = "[No Variations]"
Added Component: Designator=U?(DIP16)
Add component. Clean all parameters for all variants
Added Component: Designator=下载(HDR1X4)
Add component. Clean all parameters for all variants
Add component (AddParameter): Name = "LatestRevisionDate"; Value = "17-Jul-2002"; VariantName = "[No Variations]"
Add component (AddParameter): Name = "LatestRevisionNote"; Value = "Re-released for DXP Platform."; VariantName = "[No Variations]"
Add component (AddParameter): Name = "Publisher"; Value = "Altium Limited"; VariantName = "[No Variations]"
Added Component: Designator=圈数记录(HDR2X4_CEN)
Add component. Clean all parameters for all variants
Add component (AddParameter): Name = "LatestRevisionDate"; Value = "17-Jul-2002"; VariantName = "[No Variations]"
Add component (AddParameter): Name = "LatestRevisionNote"; Value = "Re-released for DXP Platform."; VariantName = "[No Variations]"
Add component (AddParameter): Name = "Publisher"; Value = "Altium Limited"; VariantName = "[No Variations]"
Added Pin To Net: NetName=GND Pin=C?-1
Added Pin To Net: NetName=GND Pin=C?-1
Added Pin To Net: NetName=+5 Pin=C?-2
Added Pin To Net: NetName=+5 Pin=C?-2
Added Pin To Net: NetName=+5 Pin=D?-A
Added Pin To Net: NetName=+5 Pin=D?-A
Added Pin To Net: NetName=+5 Pin=U?-6
Added Pin To Net: NetName=GND Pin=U?-8
Added Pin To Net: NetName=GND Pin=下载-1
Added Pin To Net: NetName=+5 Pin=下载-4
Added Pin To Net: NetName=GND Pin=圈数记录-5
Added Pin To Net: NetName=GND Pin=圈数记录-6
Added Pin To Net: NetName=GND Pin=圈数记录-7
Added Pin To Net: NetName=GND Pin=圈数记录-8
Added Pin To Net: NetName=BM0 Pin=U?-15
Added Pin To Net: NetName=BM0 Pin=圈数记录-1
Added Net: Name=BM0
Added Pin To Net: NetName=BM1 Pin=U?-16
Added Pin To Net: NetName=BM1 Pin=圈数记录-2
Added Net: Name=BM1
Added Pin To Net: NetName=BM2 Pin=U?-1
Added Pin To Net: NetName=BM2 Pin=圈数记录-3
Added Net: Name=BM2
Added Pin To Net: NetName=BM3 Pin=U?-2
Added Pin To Net: NetName=BM3 Pin=圈数记录-4
Added Net: Name=BM3
Added Pin To Net: NetName=NetD?_K Pin=D?-K
Added Pin To Net: NetName=NetD?_K Pin=R?-1
Added Net: Name=NetD?_K
Added Pin To Net: NetName=NetR?_2 Pin=R?-2
Added Pin To Net: NetName=NetR?_2 Pin=U?-9
Added Pin To Net: NetName=NetR?_2 Pin=下载-3
Added Net: Name=NetR?_2
Added Member To Class: ClassName=R3P900 Member=Component C? 100nF(104) 10% 50V
Added Member To Class: ClassName=R3P900 Member=Component C? 4.7uF (475) 10% 25V
Added Member To Class: ClassName=R3P900 Member=Component D? 红灯 0805
Added Member To Class: ClassName=R3P900 Member=Component D? 翠绿 0805
Added Member To Class: ClassName=R3P900 Member=Component R? 10KΩ (1002) ±1%
Added Member To Class: ClassName=R3P900 Member=Component R? 10KΩ (1002) ±1%
Added Member To Class: ClassName=R3P900 Member=Component U? STC15W201S_SOP16_DIP16
Added Member To Class: ClassName=R3P900 Member=Component 下载 Header 4
Added Member To Class: ClassName=R3P900 Member=Component 圈数记录 Header 4X2A
