Removed Pin From Net: NetName=NetR7_1 Pin=R7-1
Removed Pin From Net: NetName=NetU5_1 Pin=U5-1
Removed Pin From Net: NetName=NetU5_2 Pin=U5-2
Removed Pin From Net: NetName=NetR7_1 Pin=USB_SLAVE-1
Removed Pin From Net: NetName=NetU5_2 Pin=USB_SLAVE-2
Removed Pin From Net: NetName=NetU5_1 Pin=USB_SLAVE-3
Added Component: Designator=P2(HDR1X4)
Add component. Clean all parameters for all variants
Add component (AddParameter): Name = "LatestRevisionDate"; Value = "17-Jul-2002"; VariantName = "[No Variations]"
Add component (AddParameter): Name = "LatestRevisionNote"; Value = "Re-released for DXP Platform."; VariantName = "[No Variations]"
Add component (AddParameter): Name = "Publisher"; Value = "Altium Limited"; VariantName = "[No Variations]"
Added Pin To Net: NetName=GND Pin=P2-1
Added Pin To Net: NetName=NetR7_1 Pin=P2-2
Added Pin To Net: NetName=NetU5_1 Pin=P2-3
Added Pin To Net: NetName=NetU5_2 Pin=P2-4
Added Pin To Net: NetName=NetU5_2 Pin=R7-1
Added Pin To Net: NetName=NetR7_1 Pin=U5-1
Added Pin To Net: NetName=NetU5_1 Pin=U5-2
Added Pin To Net: NetName=NetU5_2 Pin=USB_SLAVE-1
Added Pin To Net: NetName=NetU5_1 Pin=USB_SLAVE-2
Added Pin To Net: NetName=NetR7_1 Pin=USB_SLAVE-3
Change Net Name : Old Net Name=NetR7_1 New Net Name=NetP2_2
Change Net Name : Old Net Name=NetU5_1 New Net Name=NetP2_3
Change Net Name : Old Net Name=NetU5_2 New Net Name=NetP2_4
Added Member To Class: ClassName=R3P900 Member=Component P2 Header 4
