Removed Pin From Net: NetName=24_IN Pin=FUSE-1
Removed Member From Class: ClassName=R3P900 Member=FUSE
Added Component: Designator=D5(SMBJ)
Add component. Clean all parameters for all variants
Added Component: Designator=D6(SMBJ)
Add component. Clean all parameters for all variants
Added Component: Designator=F1(Fuse)
Add component. Clean all parameters for all variants
Added Pin To Net: NetName=+24 Pin=D1-1
Added Pin To Net: NetName=GND Pin=D1-2
Added Pin To Net: NetName=GND Pin=D5-1
Added Pin To Net: NetName=+12 Pin=D5-2
Added Pin To Net: NetName=GND Pin=D6-1
Added Pin To Net: NetName=+12 Pin=D6-2
Added Pin To Net: NetName=24_IN Pin=F1-1
Added Pin To Net: NetName=24_IN Pin=F1-1
Added Pin To Net: NetName=+24 Pin=F1-2
Added Pin To Net: NetName=+24 Pin=F1-2
Added Pin To Net: NetName=+24 Pin=R1-1
Added Pin To Net: NetName=GND Pin=µÁ‘¥-K
Change Net Name : Old Net Name=24_IN New Net Name=NetF1_1
Added Member To Class: ClassName=R3P900 Member=Component D5 SMBJ5.0A
Added Member To Class: ClassName=R3P900 Member=Component D6 SMBJ5.0A
Added Member To Class: ClassName=R3P900 Member=Component F1 Fuse
