Added Component: Designator=C2(CAP-DIP-3.5)
Add component. Clean all parameters for all variants
Added Component: Designator=C5(CC6.56.5)
Add component. Clean all parameters for all variants
Added Component: Designator=D1(SMBJ)
Add component. Clean all parameters for all variants
Added Component: Designator=D2(LC-SMA(DO-214AC)_S1)
Add component. Clean all parameters for all variants
Add component (AddParameter): Name = "ComponentLink1Description"; Value = "供应商链接"; VariantName = "[No Variations]"
Add component (AddParameter): Name = "ComponentLink1URL"; Value = "http://www.szlcsc.com/product/details_23178.html"; VariantName = "[No Variations]"
Add component (AddParameter): Name = "Package"; Value = "SMA(DO-214AC)"; VariantName = "[No Variations]"
Add component (AddParameter): Name = "Supplier"; Value = "LC"; VariantName = "[No Variations]"
Add component (AddParameter): Name = "SuppliersPartNumber"; Value = "C22452"; VariantName = "[No Variations]"
Added Component: Designator=L1(Inductor)
Add component. Clean all parameters for all variants
Added Component: Designator=U1(LC-TO-263-5)
Add component. Clean all parameters for all variants
Add component (AddParameter): Name = "ComponentLink1Description"; Value = "供应商链接"; VariantName = "[No Variations]"
Add component (AddParameter): Name = "ComponentLink1URL"; Value = "http://www.szlcsc.com/product/details_10538.html"; VariantName = "[No Variations]"
Add component (AddParameter): Name = "Package"; Value = "TO-263-5"; VariantName = "[No Variations]"
Add component (AddParameter): Name = "Supplier"; Value = "LC"; VariantName = "[No Variations]"
Add component (AddParameter): Name = "SuppliersPartNumber"; Value = "C10002"; VariantName = "[No Variations]"
Added Pin To Net: NetName=GND Pin=C2-1
Added Pin To Net: NetName=GND Pin=C2-2
Added Pin To Net: NetName=GND Pin=C5-2
Added Pin To Net: NetName=GND Pin=D1-1
Added Pin To Net: NetName=GND Pin=D2-1
Added Pin To Net: NetName=GND Pin=U1-1
Added Pin To Net: NetName=GND Pin=U1-3
Added Pin To Net: NetName=GND Pin=U1-5
Added Pin To Net: NetName=+5 Pin=C5-1
Added Pin To Net: NetName=+5 Pin=D1-2
Added Pin To Net: NetName=+5 Pin=L1-2
Added Pin To Net: NetName=+5 Pin=U1-4
Added Net: Name=+5
Added Pin To Net: NetName=NetD2_2 Pin=D2-2
Added Pin To Net: NetName=NetD2_2 Pin=L1-1
Added Pin To Net: NetName=NetD2_2 Pin=U1-2
Added Net: Name=NetD2_2
Added Member To Class: ClassName=R3P900 Member=Component C2 Cap
Added Member To Class: ClassName=R3P900 Member=Component C5 220uF
Added Member To Class: ClassName=R3P900 Member=Component D1 SMBJ5.0A
Added Member To Class: ClassName=R3P900 Member=Component D2 SS54
Added Member To Class: ClassName=R3P900 Member=Component L1 Inducotor
Added Member To Class: ClassName=R3P900 Member=Component U1 LM2596SX-5.0/NOPB
