Removed Pin From Net: NetName=+12A Pin=C1-1
Removed Pin From Net: NetName=GND Pin=C1-2
Removed Pin From Net: NetName=+5 Pin=C2-1
Removed Pin From Net: NetName=GND Pin=C2-2
Removed Pin From Net: NetName=GND Pin=C3-1
Removed Pin From Net: NetName=+5 Pin=C3-2
Removed Pin From Net: NetName=GND Pin=C5-1
Removed Pin From Net: NetName=+5 Pin=C5-2
Removed Pin From Net: NetName=GND Pin=C6-1
Removed Pin From Net: NetName=+5 Pin=C6-2
Removed Pin From Net: NetName=+5 Pin=C7-1
Removed Pin From Net: NetName=GND Pin=C7-2
Removed Pin From Net: NetName=GND Pin=C8-2
Removed Pin From Net: NetName=+5 Pin=C9-1
Removed Pin From Net: NetName=GND Pin=C9-2
Removed Pin From Net: NetName=Battery_IN Pin=C12-1
Removed Pin From Net: NetName=GND Pin=C12-2
Removed Pin From Net: NetName=Battery_IN Pin=C13-1
Removed Pin From Net: NetName=GND Pin=C13-2
Removed Pin From Net: NetName=GND Pin=D5-1
Removed Pin From Net: NetName=+5 Pin=D5-2
Removed Pin From Net: NetName=GND Pin=D6-2
Removed Pin From Net: NetName=+5 Pin=Download-1
Removed Pin From Net: NetName=Charge Pin=Download-2
Removed Pin From Net: NetName=In_Charge Pin=Download-3
Removed Pin From Net: NetName=GND Pin=Download-4
Removed Pin From Net: NetName=+5 Pin=L1-1
Removed Pin From Net: NetName=GND Pin=P1-1
Removed Pin From Net: NetName=GND Pin=P2-1
Removed Pin From Net: NetName=+5 Pin=R6-1
Removed Pin From Net: NetName=+5 Pin=R7-2
Removed Pin From Net: NetName=+12A Pin=U3-1
Removed Pin From Net: NetName=GND Pin=U3-3
Removed Pin From Net: NetName=+5 Pin=U3-4
Removed Pin From Net: NetName=GND Pin=U3-5
Removed Pin From Net: NetName=+5 Pin=U4-6
Removed Pin From Net: NetName=GND Pin=U4-8
Removed Pin From Net: NetName=In_Charge Pin=U4-9
Removed Pin From Net: NetName=Charge Pin=U4-10
Removed Pin From Net: NetName=Battery_IN Pin=U4-15
Removed Pin From Net: NetName=GND Pin=U5-3
Removed Pin From Net: NetName=+5 Pin=U5-7
Removed Pin From Net: NetName=GND Pin=USB_SLAVE-5
Removed Member From Class: ClassName=R3P900 Member=C1
Removed Member From Class: ClassName=R3P900 Member=C2
Removed Member From Class: ClassName=R3P900 Member=C3
Removed Member From Class: ClassName=R3P900 Member=C5
Removed Member From Class: ClassName=R3P900 Member=C6
Removed Member From Class: ClassName=R3P900 Member=C7
Removed Member From Class: ClassName=R3P900 Member=C8
Removed Member From Class: ClassName=R3P900 Member=C9
Removed Member From Class: ClassName=R3P900 Member=C12
Removed Member From Class: ClassName=R3P900 Member=C13
Removed Member From Class: ClassName=R3P900 Member=D5
Removed Member From Class: ClassName=R3P900 Member=D6
Removed Member From Class: ClassName=R3P900 Member=Download
Removed Member From Class: ClassName=R3P900 Member=L1
Removed Member From Class: ClassName=R3P900 Member=P1
Removed Member From Class: ClassName=R3P900 Member=P2
Removed Member From Class: ClassName=R3P900 Member=R6
Removed Member From Class: ClassName=R3P900 Member=R7
Removed Member From Class: ClassName=R3P900 Member=U3
Removed Member From Class: ClassName=R3P900 Member=U4
Removed Member From Class: ClassName=R3P900 Member=U5
Removed Member From Class: ClassName=R3P900 Member=USB_SLAVE
Removed Member From Class: ClassName=R3P900 Member=״̬
