Removed Pin From Net: NetName=U_RX Pin=Com-1
Removed Pin From Net: NetName=U_TX Pin=Com-2
Removed Pin From Net: NetName=GND Pin=Com-3
Removed Member From Class: ClassName=R3P900 Member=Com
Added Component: Designator=I2C通讯(HDR1X4)
Add component. Clean all parameters for all variants
Add component (AddParameter): Name = "LatestRevisionDate"; Value = "17-Jul-2002"; VariantName = "[No Variations]"
Add component (AddParameter): Name = "LatestRevisionNote"; Value = "Re-released for DXP Platform."; VariantName = "[No Variations]"
Add component (AddParameter): Name = "Publisher"; Value = "Altium Limited"; VariantName = "[No Variations]"
Added Component: Designator=R13(LC-0603_R)
Add component. Clean all parameters for all variants
Add component (AddParameter): Name = "ComponentLink1Description"; Value = "供应商链接"; VariantName = "[No Variations]"
Add component (AddParameter): Name = "ComponentLink1URL"; Value = "http://www.szlcsc.com/product/details_21903.html"; VariantName = "[No Variations]"
Add component (AddParameter): Name = "Package"; Value = "0603"; VariantName = "[No Variations]"
Add component (AddParameter): Name = "Supplier"; Value = "LC"; VariantName = "[No Variations]"
Add component (AddParameter): Name = "SuppliersPartNumber"; Value = "C21189"; VariantName = "[No Variations]"
Added Component: Designator=R14(LC-0603_R)
Add component. Clean all parameters for all variants
Add component (AddParameter): Name = "ComponentLink1Description"; Value = "供应商链接"; VariantName = "[No Variations]"
Add component (AddParameter): Name = "ComponentLink1URL"; Value = "http://www.szlcsc.com/product/details_21903.html"; VariantName = "[No Variations]"
Add component (AddParameter): Name = "Package"; Value = "0603"; VariantName = "[No Variations]"
Add component (AddParameter): Name = "Supplier"; Value = "LC"; VariantName = "[No Variations]"
Add component (AddParameter): Name = "SuppliersPartNumber"; Value = "C21189"; VariantName = "[No Variations]"
Added Component: Designator=R15(LC-0603_R)
Add component. Clean all parameters for all variants
Add component (AddParameter): Name = "ComponentLink1Description"; Value = "供应商链接"; VariantName = "[No Variations]"
Add component (AddParameter): Name = "ComponentLink1URL"; Value = "http://www.szlcsc.com/product/details_21903.html"; VariantName = "[No Variations]"
Add component (AddParameter): Name = "Package"; Value = "0603"; VariantName = "[No Variations]"
Add component (AddParameter): Name = "Supplier"; Value = "LC"; VariantName = "[No Variations]"
Add component (AddParameter): Name = "SuppliersPartNumber"; Value = "C21189"; VariantName = "[No Variations]"
Added Component: Designator=UART通讯(HDR1X4)
Add component. Clean all parameters for all variants
Add component (AddParameter): Name = "LatestRevisionDate"; Value = "17-Jul-2002"; VariantName = "[No Variations]"
Add component (AddParameter): Name = "LatestRevisionNote"; Value = "Re-released for DXP Platform."; VariantName = "[No Variations]"
Add component (AddParameter): Name = "Publisher"; Value = "Altium Limited"; VariantName = "[No Variations]"
Added Component: Designator=USB(HDR1X4)
Add component. Clean all parameters for all variants
Add component (AddParameter): Name = "LatestRevisionDate"; Value = "17-Jul-2002"; VariantName = "[No Variations]"
Add component (AddParameter): Name = "LatestRevisionNote"; Value = "Re-released for DXP Platform."; VariantName = "[No Variations]"
Add component (AddParameter): Name = "Publisher"; Value = "Altium Limited"; VariantName = "[No Variations]"
Added Pin To Net: NetName=GND Pin=I2C通讯-1
Added Pin To Net: NetName=+5 Pin=R13-2
Added Pin To Net: NetName=+5 Pin=R14-2
Added Pin To Net: NetName=+5 Pin=R15-2
Added Pin To Net: NetName=GND Pin=UART通讯-1
Added Pin To Net: NetName=U_RX Pin=UART通讯-2
Added Pin To Net: NetName=U_TX Pin=UART通讯-3
Added Pin To Net: NetName=GND Pin=USB-1
Added Pin To Net: NetName=IIC_SCL Pin=I2C通讯-3
Added Pin To Net: NetName=IIC_SCL Pin=U1-42
Added Net: Name=IIC_SCL
Added Pin To Net: NetName=IIC_SDA Pin=I2C通讯-2
Added Pin To Net: NetName=IIC_SDA Pin=U1-43
Added Net: Name=IIC_SDA
Added Pin To Net: NetName=NetI2C通讯_4 Pin=I2C通讯-4
Added Pin To Net: NetName=NetI2C通讯_4 Pin=R15-1
Added Net: Name=NetI2C通讯_4
Added Pin To Net: NetName=NetR13_1 Pin=R13-1
Added Pin To Net: NetName=NetR13_1 Pin=USB-4
Added Net: Name=NetR13_1
Added Pin To Net: NetName=NetR14_1 Pin=R14-1
Added Pin To Net: NetName=NetR14_1 Pin=UART通讯-4
Added Net: Name=NetR14_1
Added Pin To Net: NetName=USB_D+ Pin=U1-33
Added Pin To Net: NetName=USB_D+ Pin=USB-2
Added Net: Name=USB_D+
Added Pin To Net: NetName=USB_D- Pin=U1-32
Added Pin To Net: NetName=USB_D- Pin=USB-3
Added Net: Name=USB_D-
Added Member To Class: ClassName=R3P900 Member=Component I2C通讯 Header 4
Added Member To Class: ClassName=R3P900 Member=Component R13 0Ω (0R0) ±1%
Added Member To Class: ClassName=R3P900 Member=Component R14 0Ω (0R0) ±1%
Added Member To Class: ClassName=R3P900 Member=Component R15 0Ω (0R0) ±1%
Added Member To Class: ClassName=R3P900 Member=Component UART通讯 Header 4
Added Member To Class: ClassName=R3P900 Member=Component USB Header 4
Added Member To Class: ClassName=R3P900 Member=Component 自动充电 Header 2
