Removed Pin From Net: NetName=+5 Pin=D8-2
Removed Pin From Net: NetName=+5 Pin=K1-2
Removed Pin From Net: NetName=NetC8_2 Pin=R11-1
Removed Pin From Net: NetName=JQD Pin=R11-2
Removed Pin From Net: NetName=+12 Pin=电脑-1
Added Component: Designator=C15(LC-0805_C)
Add component. Clean all parameters for all variants
Add component (AddParameter): Name = "ComponentLink1Description"; Value = "供应商链接"; VariantName = "[No Variations]"
Add component (AddParameter): Name = "ComponentLink1URL"; Value = "http://www.szlcsc.com/product/details_29074.html"; VariantName = "[No Variations]"
Add component (AddParameter): Name = "Package"; Value = "0805"; VariantName = "[No Variations]"
Add component (AddParameter): Name = "Supplier"; Value = "LC"; VariantName = "[No Variations]"
Add component (AddParameter): Name = "SuppliersPartNumber"; Value = "C28323"; VariantName = "[No Variations]"
Added Component: Designator=D9(LC-SMA(DO-214AC)_S1)
Add component. Clean all parameters for all variants
Add component (AddParameter): Name = "ComponentLink1Description"; Value = "供应商链接"; VariantName = "[No Variations]"
Add component (AddParameter): Name = "ComponentLink1URL"; Value = "http://www.szlcsc.com/product/details_15669.html"; VariantName = "[No Variations]"
Add component (AddParameter): Name = "Package"; Value = "SMA(DO-214AC)"; VariantName = "[No Variations]"
Add component (AddParameter): Name = "Supplier"; Value = "LC"; VariantName = "[No Variations]"
Add component (AddParameter): Name = "SuppliersPartNumber"; Value = "C14996"; VariantName = "[No Variations]"
Added Component: Designator=K2(JDQ-SRD-5DC)
Add component. Clean all parameters for all variants
Added Component: Designator=Q2(LC-SOT-23(SOT-23-3))
Add component. Clean all parameters for all variants
Add component (AddParameter): Name = "ComponentLink1Description"; Value = "供应商链接"; VariantName = "[No Variations]"
Add component (AddParameter): Name = "ComponentLink1URL"; Value = "http://www.szlcsc.com/product/details_2507.html"; VariantName = "[No Variations]"
Add component (AddParameter): Name = "Package"; Value = "SOT-23"; VariantName = "[No Variations]"
Add component (AddParameter): Name = "Supplier"; Value = "LC"; VariantName = "[No Variations]"
Add component (AddParameter): Name = "SuppliersPartNumber"; Value = "C2150"; VariantName = "[No Variations]"
Added Component: Designator=R19(LC-0805_R)
Add component. Clean all parameters for all variants
Add component (AddParameter): Name = "ComponentLink1Description"; Value = "供应商链接"; VariantName = "[No Variations]"
Add component (AddParameter): Name = "ComponentLink1URL"; Value = "http://www.szlcsc.com/product/details_18201.html"; VariantName = "[No Variations]"
Add component (AddParameter): Name = "Package"; Value = "0805"; VariantName = "[No Variations]"
Add component (AddParameter): Name = "Supplier"; Value = "LC"; VariantName = "[No Variations]"
Add component (AddParameter): Name = "SuppliersPartNumber"; Value = "C17513"; VariantName = "[No Variations]"
Added Component: Designator=R20(LC-0805_R)
Add component. Clean all parameters for all variants
Add component (AddParameter): Name = "ComponentLink1Description"; Value = "供应商链接"; VariantName = "[No Variations]"
Add component (AddParameter): Name = "ComponentLink1URL"; Value = "http://www.szlcsc.com/product/details_18102.html"; VariantName = "[No Variations]"
Add component (AddParameter): Name = "Package"; Value = "0805"; VariantName = "[No Variations]"
Add component (AddParameter): Name = "Supplier"; Value = "LC"; VariantName = "[No Variations]"
Add component (AddParameter): Name = "SuppliersPartNumber"; Value = "C17414"; VariantName = "[No Variations]"
Added Pin To Net: NetName=GND Pin=C15-1
Added Pin To Net: NetName=+12 Pin=D8-2
Added Pin To Net: NetName=+12 Pin=D9-2
Added Pin To Net: NetName=+12 Pin=K1-2
Added Pin To Net: NetName=+12 Pin=K2-2
Added Pin To Net: NetName=+12 Pin=K2-3
Added Pin To Net: NetName=GND Pin=Q2-2
Added Pin To Net: NetName=JQD Pin=R11-1
Added Pin To Net: NetName=NetC8_2 Pin=R11-2
Added Pin To Net: NetName=JQD Pin=R19-1
Added Pin To Net: NetName=GND Pin=R20-2
Added Pin To Net: NetName=+12_PC Pin=K2-5
Added Pin To Net: NetName=+12_PC Pin=电脑-1
Added Net: Name=+12_PC
Added Pin To Net: NetName=JQD1 Pin=U1-2
Added Net: Name=JQD1
Added Pin To Net: NetName=NetC15_2 Pin=C15-2
Added Pin To Net: NetName=NetC15_2 Pin=R19-2
Added Net: Name=NetC15_2
Added Pin To Net: NetName=NetD9_1 Pin=D9-1
Added Pin To Net: NetName=NetD9_1 Pin=K2-1
Added Pin To Net: NetName=NetD9_1 Pin=Q2-3
Added Net: Name=NetD9_1
Added Member To Class: ClassName=R3P900 Member=Component C15 1uF (105) 10% 50V
Added Member To Class: ClassName=R3P900 Member=Component D9 SS210
Added Member To Class: ClassName=R3P900 Member=Component K2 Relay
Added Member To Class: ClassName=R3P900 Member=Component Q2 SS8050 Y1
Added Member To Class: ClassName=R3P900 Member=Component R19 1KΩ (1001) ±1%
Added Member To Class: ClassName=R3P900 Member=Component R20 10KΩ (1002) ±1%
