Added Component: Designator=Download(HDR1X4)
Add component. Clean all parameters for all variants
Add component (AddParameter): Name = "LatestRevisionDate"; Value = "17-Jul-2002"; VariantName = "[No Variations]"
Add component (AddParameter): Name = "LatestRevisionNote"; Value = "Re-released for DXP Platform."; VariantName = "[No Variations]"
Add component (AddParameter): Name = "Publisher"; Value = "Altium Limited"; VariantName = "[No Variations]"
Added Component: Designator=P1(HDR1X4)
Add component. Clean all parameters for all variants
Add component (AddParameter): Name = "LatestRevisionDate"; Value = "17-Jul-2002"; VariantName = "[No Variations]"
Add component (AddParameter): Name = "LatestRevisionNote"; Value = "Re-released for DXP Platform."; VariantName = "[No Variations]"
Add component (AddParameter): Name = "Publisher"; Value = "Altium Limited"; VariantName = "[No Variations]"
Added Pin To Net: NetName=+5 Pin=Download-1
Added Pin To Net: NetName=In_Charge Pin=Download-2
Added Pin To Net: NetName=Charge Pin=Download-3
Added Pin To Net: NetName=GND Pin=Download-4
Added Pin To Net: NetName=+5 Pin=P1-1
Added Pin To Net: NetName=U_TX Pin=P1-2
Added Pin To Net: NetName=U_RX Pin=P1-3
Added Pin To Net: NetName=GND Pin=P1-4
Added Pin To Net: NetName=Battery_IN Pin=U4-14
Added Member To Class: ClassName=R3P900 Member=Component Download Header 4
Added Member To Class: ClassName=R3P900 Member=Component P1 Header 4
