Added Component: Designator=FDL1(HDR1X3)
Add component. Clean all parameters for all variants
Add component (AddParameter): Name = "LatestRevisionDate"; Value = "17-Jul-2002"; VariantName = "[No Variations]"
Add component (AddParameter): Name = "LatestRevisionNote"; Value = "Re-released for DXP Platform."; VariantName = "[No Variations]"
Add component (AddParameter): Name = "Publisher"; Value = "Altium Limited"; VariantName = "[No Variations]"
Added Component: Designator=FDL2(HDR1X3)
Add component. Clean all parameters for all variants
Add component (AddParameter): Name = "LatestRevisionDate"; Value = "17-Jul-2002"; VariantName = "[No Variations]"
Add component (AddParameter): Name = "LatestRevisionNote"; Value = "Re-released for DXP Platform."; VariantName = "[No Variations]"
Add component (AddParameter): Name = "Publisher"; Value = "Altium Limited"; VariantName = "[No Variations]"
Added Component: Designator=FDL3(HDR1X3)
Add component. Clean all parameters for all variants
Add component (AddParameter): Name = "LatestRevisionDate"; Value = "17-Jul-2002"; VariantName = "[No Variations]"
Add component (AddParameter): Name = "LatestRevisionNote"; Value = "Re-released for DXP Platform."; VariantName = "[No Variations]"
Add component (AddParameter): Name = "Publisher"; Value = "Altium Limited"; VariantName = "[No Variations]"
Added Pin To Net: NetName=GND Pin=FDL1-1
Added Pin To Net: NetName=+5 Pin=FDL1-3
Added Pin To Net: NetName=GND Pin=FDL2-1
Added Pin To Net: NetName=+5 Pin=FDL2-3
Added Pin To Net: NetName=GND Pin=FDL3-1
Added Pin To Net: NetName=+5 Pin=FDL3-3
Added Pin To Net: NetName=FDL1 Pin=FDL1-2
Added Net: Name=FDL1
Added Pin To Net: NetName=FDL2 Pin=FDL2-2
Added Net: Name=FDL2
Added Pin To Net: NetName=FDL3 Pin=FDL3-2
Added Net: Name=FDL3
Added Member To Class: ClassName=D3R900 Member=Component FDL1 Header 3
Added Member To Class: ClassName=D3R900 Member=Component FDL2 Header 3
Added Member To Class: ClassName=D3R900 Member=Component FDL3 Header 3
