Change Component Designator: OldDesignator=C11 NewDesignator=C12
Change Component Designator: OldDesignator=C12 NewDesignator=C11
Change Component Designator: OldDesignator=C13 NewDesignator=C25
Change Component Designator: OldDesignator=C14 NewDesignator=C26
Change Component Designator: OldDesignator=C15 NewDesignator=C27
Change Component Designator: OldDesignator=C16 NewDesignator=C28
Change Component Designator: OldDesignator=C17 NewDesignator=C29
Change Component Designator: OldDesignator=C18 NewDesignator=C30
Change Component Designator: OldDesignator=C19 NewDesignator=C31
Change Component Designator: OldDesignator=C20 NewDesignator=C32
Change Component Designator: OldDesignator=C21 NewDesignator=C33
Change Component Designator: OldDesignator=C22 NewDesignator=C13
Change Component Designator: OldDesignator=C23 NewDesignator=C14
Change Component Designator: OldDesignator=C24 NewDesignator=C15
Change Component Designator: OldDesignator=C25 NewDesignator=C16
Change Component Designator: OldDesignator=C26 NewDesignator=C17
Change Component Designator: OldDesignator=C27 NewDesignator=C18
Change Component Designator: OldDesignator=C28 NewDesignator=C19
Change Component Designator: OldDesignator=C29 NewDesignator=C20
Change Component Designator: OldDesignator=C30 NewDesignator=C21
Change Component Designator: OldDesignator=C31 NewDesignator=C22
Change Component Designator: OldDesignator=C32 NewDesignator=C23
Change Component Designator: OldDesignator=C33 NewDesignator=C24
Change Component Designator: OldDesignator=DS0 NewDesignator=DS1
Change Component Designator: OldDesignator=DS1 NewDesignator=DS2
Change Component Designator: OldDesignator=R4 NewDesignator=R6
Change Component Designator: OldDesignator=R5 NewDesignator=R7
Change Component Designator: OldDesignator=R6 NewDesignator=R8
Change Component Designator: OldDesignator=R7 NewDesignator=R9
Change Component Designator: OldDesignator=R8 NewDesignator=R10
Change Component Designator: OldDesignator=R9 NewDesignator=R11
Change Component Designator: OldDesignator=R10 NewDesignator=R4
Change Component Designator: OldDesignator=R11 NewDesignator=R5
Change Net Name : Old Net Name=NetC13_2 New Net Name=NetC25_2
Change Net Name : Old Net Name=NetC14_2 New Net Name=NetC26_2
Change Net Name : Old Net Name=NetC15_1 New Net Name=NetC27_1
Change Net Name : Old Net Name=NetC15_2 New Net Name=NetC27_2
Change Net Name : Old Net Name=NetC16_2 New Net Name=NetC28_2
Change Net Name : Old Net Name=NetC17_1 New Net Name=NetC29_1
Change Net Name : Old Net Name=NetC19_1 New Net Name=NetC31_1
Change Net Name : Old Net Name=NetDS0_A New Net Name=NetDS1_A
Change Net Name : Old Net Name=NetDS1_A New Net Name=NetDS2_A
Change Net Name : Old Net Name=NetR10_2 New Net Name=NetR4_2
