Removed Pin From Net: NetName=GND Pin=C28-1
Removed Pin From Net: NetName=+3.3 Pin=C28-2
Removed Pin From Net: NetName=REMOTE_IN2 Pin=U1-60
Removed Member From Class: ClassName=D3R900 Member=C28
Change Component Designator: OldDesignator=C? NewDesignator=C10
Change Component Designator: OldDesignator=C? NewDesignator=C23
Change Component Designator: OldDesignator=C? NewDesignator=C24
Change Component Designator: OldDesignator=C? NewDesignator=C26
Change Component Designator: OldDesignator=D? NewDesignator=D6
Change Component Designator: OldDesignator=G U - V? NewDesignator=G U - V
Change Component Designator: OldDesignator=P? NewDesignator=P2
Change Component Designator: OldDesignator=P? NewDesignator=P3
Change Component Designator: OldDesignator=R? NewDesignator=R5
Change Component Designator: OldDesignator=U? NewDesignator=U2
Added Component: Designator=C9(CC6.56.5)
Add component. Clean all parameters for all variants
Added Component: Designator=C27(LC-0805_C)
Add component. Clean all parameters for all variants
Add component (AddParameter): Name = "ComponentLink1Description"; Value = "供应商链接"; VariantName = "[No Variations]"
Add component (AddParameter): Name = "ComponentLink1URL"; Value = "http://www.szlcsc.com/product/details_50686.html"; VariantName = "[No Variations]"
Add component (AddParameter): Name = "Package"; Value = "0805"; VariantName = "[No Variations]"
Add component (AddParameter): Name = "Supplier"; Value = "LC"; VariantName = "[No Variations]"
Add component (AddParameter): Name = "SuppliersPartNumber"; Value = "C49678"; VariantName = "[No Variations]"
Added Component: Designator=R8(LC-0805_R)
Add component. Clean all parameters for all variants
Add component (AddParameter): Name = "ComponentLink1Description"; Value = "供应商链接"; VariantName = "[No Variations]"
Add component (AddParameter): Name = "ComponentLink1URL"; Value = "http://www.szlcsc.com/product/details_18201.html"; VariantName = "[No Variations]"
Add component (AddParameter): Name = "Package"; Value = "0805"; VariantName = "[No Variations]"
Add component (AddParameter): Name = "Supplier"; Value = "LC"; VariantName = "[No Variations]"
Add component (AddParameter): Name = "SuppliersPartNumber"; Value = "C17513"; VariantName = "[No Variations]"
Added Component: Designator=R10(LC-0805_R)
Add component. Clean all parameters for all variants
Add component (AddParameter): Name = "ComponentLink1Description"; Value = "供应商链接"; VariantName = "[No Variations]"
Add component (AddParameter): Name = "ComponentLink1URL"; Value = "http://www.szlcsc.com/product/details_18361.html"; VariantName = "[No Variations]"
Add component (AddParameter): Name = "Package"; Value = "0805"; VariantName = "[No Variations]"
Add component (AddParameter): Name = "Supplier"; Value = "LC"; VariantName = "[No Variations]"
Add component (AddParameter): Name = "SuppliersPartNumber"; Value = "C17673"; VariantName = "[No Variations]"
Added Component: Designator=Remote(HDR1X3)
Add component. Clean all parameters for all variants
Add component (AddParameter): Name = "LatestRevisionDate"; Value = "17-Jul-2002"; VariantName = "[No Variations]"
Add component (AddParameter): Name = "LatestRevisionNote"; Value = "Re-released for DXP Platform."; VariantName = "[No Variations]"
Add component (AddParameter): Name = "Publisher"; Value = "Altium Limited"; VariantName = "[No Variations]"
Added Pin To Net: NetName=+3.3 Pin=C9-1
Added Pin To Net: NetName=GND Pin=C9-2
Added Pin To Net: NetName=GND Pin=C27-1
Added Pin To Net: NetName=VBAT Pin=C27-2
Added Pin To Net: NetName=REMOTE_IN2 Pin=P3-3
Added Pin To Net: NetName=REMOTE_IN2 Pin=R6-2
Added Pin To Net: NetName=REMOTE_IN1 Pin=R8-1
Added Pin To Net: NetName=VBAT Pin=R10-2
Added Pin To Net: NetName=GND Pin=Remote-2
Added Pin To Net: NetName=VBAT Pin=Remote-3
Change Net Name : Old Net Name=NetC?_1 New Net Name=NetC23_1
Change Net Name : Old Net Name=NetD?_2 New Net Name=NetD6_2
Change Net Name : Old Net Name=NetG U - V?_2 New Net Name=NetG U - V_2
Change Net Name : Old Net Name=NetG U - V?_3 New Net Name=NetG U - V_3
Change Net Name : Old Net Name=NetG U - V?_4 New Net Name=NetG U - V_4
Change Net Name : Old Net Name=NetP?_1 New Net Name=NetP2_1
Change Net Name : Old Net Name=NetP?_3 New Net Name=NetP2_3
Change Net Name : Old Net Name=NetP?_4 New Net Name=NetP3_4
Change Net Name : Old Net Name=REMOTE_IN1 New Net Name=REMOTE_IN
Change Net Name : Old Net Name=REMOTE_IN2 New Net Name=NetP3_3
Added Pin To Net: NetName=NetR8_2 Pin=R8-2
Added Pin To Net: NetName=NetR8_2 Pin=R10-1
Added Pin To Net: NetName=NetR8_2 Pin=Remote-1
Added Net: Name=NetR8_2
Added Member To Class: ClassName=D3R900 Member=Component C9 22uF
Added Member To Class: ClassName=D3R900 Member=Component C10 10uF (106) 10% 25V
Added Member To Class: ClassName=D3R900 Member=Component C24 100nF(104) 10% 50V
Added Member To Class: ClassName=D3R900 Member=Component C26 10uF (106) 10% 25V
Added Member To Class: ClassName=D3R900 Member=Component C27 100nF(104) 10% 50V
Added Member To Class: ClassName=D3R900 Member=Component P3 Header 3X2
Added Member To Class: ClassName=D3R900 Member=Component R8 1KΩ (1001) ±1%
Added Member To Class: ClassName=D3R900 Member=Component R10 4.7KΩ (4701) ±1%
Added Member To Class: ClassName=D3R900 Member=Component Remote Header 3
