Removed Pin From Net: NetName=VUSB Pin=D3-1
Removed Pin From Net: NetName=NetD6_2 Pin=D6-2
Removed Pin From Net: NetName=NetG U - V_4 Pin=R5-1
Removed Pin From Net: NetName=NetD6_2 Pin=R5-2
Removed Pin From Net: NetName=T2 Pin=U1-69
Removed Pin From Net: NetName=R2 Pin=U1-70
Removed Member From Class: ClassName=D3R900 Member=R20
Change Component Footprint: Designator=D3 Old Footprint=LC-SMA(DO-214AC)_S1 New Footprint=SMBJ
Change Component Comment : Designator=D3 Old Comment=SS210 New Comment=SMBJ5.0A
Change Component Designator: OldDesignator=C1 NewDesignator=C13
Change Component Designator: OldDesignator=C2 NewDesignator=C14
Change Component Designator: OldDesignator=C3 NewDesignator=C15
Change Component Designator: OldDesignator=C4 NewDesignator=C16
Change Component Designator: OldDesignator=C5 NewDesignator=C17
Change Component Designator: OldDesignator=C6 NewDesignator=C19
Change Component Designator: OldDesignator=C7 NewDesignator=C20
Change Component Designator: OldDesignator=C8 NewDesignator=C21
Change Component Designator: OldDesignator=C11 NewDesignator=C22
Change Component Designator: OldDesignator=C12 NewDesignator=C23
Change Component Designator: OldDesignator=C13 NewDesignator=C24
Change Component Designator: OldDesignator=C14 NewDesignator=C25
Change Component Designator: OldDesignator=C15 NewDesignator=C26
Change Component Designator: OldDesignator=C16 NewDesignator=C27
Change Component Designator: OldDesignator=C17 NewDesignator=C28
Change Component Designator: OldDesignator=C18 NewDesignator=C29
Change Component Designator: OldDesignator=C19 NewDesignator=C30
Change Component Designator: OldDesignator=C20 NewDesignator=C31
Change Component Designator: OldDesignator=C21 NewDesignator=C32
Change Component Designator: OldDesignator=C22 NewDesignator=C18
Change Component Designator: OldDesignator=C23 NewDesignator=C1
Change Component Designator: OldDesignator=C24 NewDesignator=C2
Change Component Designator: OldDesignator=C25 NewDesignator=C33
Change Component Designator: OldDesignator=C26 NewDesignator=C6
Change Component Designator: OldDesignator=C27 NewDesignator=C12
Change Component Designator: OldDesignator=C33 NewDesignator=C4
Change Component Designator: OldDesignator=D1 NewDesignator=D5
Change Component Designator: OldDesignator=D2 NewDesignator=D6
Change Component Designator: OldDesignator=D4 NewDesignator=D7
Change Component Designator: OldDesignator=D5 NewDesignator=D8
Change Component Designator: OldDesignator=D6 NewDesignator=D1
Change Component Designator: OldDesignator=P1 NewDesignator=P3
Change Component Designator: OldDesignator=P2 NewDesignator=P1
Change Component Designator: OldDesignator=P3 NewDesignator=P2
Change Component Designator: OldDesignator=R1 NewDesignator=R12
Change Component Designator: OldDesignator=R2 NewDesignator=R14
Change Component Designator: OldDesignator=R3 NewDesignator=R15
Change Component Designator: OldDesignator=R4 NewDesignator=R16
Change Component Designator: OldDesignator=R5 NewDesignator=R2
Change Component Designator: OldDesignator=R6 NewDesignator=R4
Change Component Designator: OldDesignator=R7 NewDesignator=R5
Change Component Designator: OldDesignator=R8 NewDesignator=R10
Change Component Designator: OldDesignator=R9 NewDesignator=R3
Change Component Designator: OldDesignator=R10 NewDesignator=R11
Change Component Designator: OldDesignator=R20 NewDesignator=R1
Change Component Designator: OldDesignator=U1 NewDesignator=U4
Change Component Designator: OldDesignator=U2 NewDesignator=U3
Change Component Designator: OldDesignator=U3 NewDesignator=U1
Change component parameters: Designator = "D3"; Footprint = "SMBJ"; UniqueID = "\LFIJJNIO"
Change component parameters. Clean all parameters for all variants
Added Component: Designator=ATK MODULE(HDR1X6)
Add component. Clean all parameters for all variants
Add component (AddParameter): Name = "LatestRevisionDate"; Value = "17-Jul-2002"; VariantName = "[No Variations]"
Add component (AddParameter): Name = "LatestRevisionNote"; Value = "Re-released for DXP Platform."; VariantName = "[No Variations]"
Add component (AddParameter): Name = "Publisher"; Value = "Altium Limited"; VariantName = "[No Variations]"
Added Component: Designator=Battery(HDR1X2)
Add component. Clean all parameters for all variants
Add component (AddParameter): Name = "LatestRevisionDate"; Value = "17-Jul-2002"; VariantName = "[No Variations]"
Add component (AddParameter): Name = "LatestRevisionNote"; Value = "Re-released for DXP Platform."; VariantName = "[No Variations]"
Add component (AddParameter): Name = "Publisher"; Value = "Altium Limited"; VariantName = "[No Variations]"
Added Component: Designator=C3(CAP-DIP-3.5)
Add component. Clean all parameters for all variants
Added Component: Designator=C5(LC-0805_C)
Add component. Clean all parameters for all variants
Add component (AddParameter): Name = "ComponentLink1Description"; Value = "供应商链接"; VariantName = "[No Variations]"
Add component (AddParameter): Name = "ComponentLink1URL"; Value = "http://www.szlcsc.com/product/details_50686.html"; VariantName = "[No Variations]"
Add component (AddParameter): Name = "Package"; Value = "0805"; VariantName = "[No Variations]"
Add component (AddParameter): Name = "Supplier"; Value = "LC"; VariantName = "[No Variations]"
Add component (AddParameter): Name = "SuppliersPartNumber"; Value = "C49678"; VariantName = "[No Variations]"
Added Component: Designator=C7(CAP-DIP-3.5)
Add component. Clean all parameters for all variants
Added Component: Designator=C8(CC6.56.5)
Add component. Clean all parameters for all variants
Added Component: Designator=C11(LC-0805_C)
Add component. Clean all parameters for all variants
Add component (AddParameter): Name = "ComponentLink1Description"; Value = "供应商链接"; VariantName = "[No Variations]"
Add component (AddParameter): Name = "ComponentLink1URL"; Value = "http://www.szlcsc.com/product/details_50686.html"; VariantName = "[No Variations]"
Add component (AddParameter): Name = "Package"; Value = "0805"; VariantName = "[No Variations]"
Add component (AddParameter): Name = "Supplier"; Value = "LC"; VariantName = "[No Variations]"
Add component (AddParameter): Name = "SuppliersPartNumber"; Value = "C49678"; VariantName = "[No Variations]"
Added Component: Designator=Charge(HDR1X2)
Add component. Clean all parameters for all variants
Add component (AddParameter): Name = "LatestRevisionDate"; Value = "17-Jul-2002"; VariantName = "[No Variations]"
Add component (AddParameter): Name = "LatestRevisionNote"; Value = "Re-released for DXP Platform."; VariantName = "[No Variations]"
Add component (AddParameter): Name = "Publisher"; Value = "Altium Limited"; VariantName = "[No Variations]"
Added Component: Designator=CSB0(HDR1X4)
Add component. Clean all parameters for all variants
Add component (AddParameter): Name = "LatestRevisionDate"; Value = "17-Jul-2002"; VariantName = "[No Variations]"
Add component (AddParameter): Name = "LatestRevisionNote"; Value = "Re-released for DXP Platform."; VariantName = "[No Variations]"
Add component (AddParameter): Name = "Publisher"; Value = "Altium Limited"; VariantName = "[No Variations]"
Added Component: Designator=CSB1(HDR1X4)
Add component. Clean all parameters for all variants
Add component (AddParameter): Name = "LatestRevisionDate"; Value = "17-Jul-2002"; VariantName = "[No Variations]"
Add component (AddParameter): Name = "LatestRevisionNote"; Value = "Re-released for DXP Platform."; VariantName = "[No Variations]"
Add component (AddParameter): Name = "Publisher"; Value = "Altium Limited"; VariantName = "[No Variations]"
Added Component: Designator=CSB2(HDR1X4)
Add component. Clean all parameters for all variants
Add component (AddParameter): Name = "LatestRevisionDate"; Value = "17-Jul-2002"; VariantName = "[No Variations]"
Add component (AddParameter): Name = "LatestRevisionNote"; Value = "Re-released for DXP Platform."; VariantName = "[No Variations]"
Add component (AddParameter): Name = "Publisher"; Value = "Altium Limited"; VariantName = "[No Variations]"
Added Component: Designator=CSB3(HDR1X4)
Add component. Clean all parameters for all variants
Add component (AddParameter): Name = "LatestRevisionDate"; Value = "17-Jul-2002"; VariantName = "[No Variations]"
Add component (AddParameter): Name = "LatestRevisionNote"; Value = "Re-released for DXP Platform."; VariantName = "[No Variations]"
Add component (AddParameter): Name = "Publisher"; Value = "Altium Limited"; VariantName = "[No Variations]"
Added Component: Designator=D2(LC-SMA(DO-214AC)_S1)
Add component. Clean all parameters for all variants
Add component (AddParameter): Name = "ComponentLink1Description"; Value = "供应商链接"; VariantName = "[No Variations]"
Add component (AddParameter): Name = "ComponentLink1URL"; Value = "http://www.szlcsc.com/product/details_15669.html"; VariantName = "[No Variations]"
Add component (AddParameter): Name = "Package"; Value = "SMA(DO-214AC)"; VariantName = "[No Variations]"
Add component (AddParameter): Name = "Supplier"; Value = "LC"; VariantName = "[No Variations]"
Add component (AddParameter): Name = "SuppliersPartNumber"; Value = "C14996"; VariantName = "[No Variations]"
Added Component: Designator=D4(LC-SMA(DO-214AC)_S1)
Add component. Clean all parameters for all variants
Add component (AddParameter): Name = "ComponentLink1Description"; Value = "供应商链接"; VariantName = "[No Variations]"
Add component (AddParameter): Name = "ComponentLink1URL"; Value = "http://www.szlcsc.com/product/details_23178.html"; VariantName = "[No Variations]"
Add component (AddParameter): Name = "Package"; Value = "SMA(DO-214AC)"; VariantName = "[No Variations]"
Add component (AddParameter): Name = "Supplier"; Value = "LC"; VariantName = "[No Variations]"
Add component (AddParameter): Name = "SuppliersPartNumber"; Value = "C22452"; VariantName = "[No Variations]"
Added Component: Designator=DC_IN(VH-2A - Circle Hole)
Add component. Clean all parameters for all variants
Added Component: Designator=DS0(LC-0805_LED_S1)
Add component. Clean all parameters for all variants
Add component (AddParameter): Name = "ComponentLink1Description"; Value = "供应商链接"; VariantName = "[No Variations]"
Add component (AddParameter): Name = "ComponentLink1URL"; Value = "http://www.szlcsc.com/product/details_2668.html"; VariantName = "[No Variations]"
Add component (AddParameter): Name = "Package"; Value = "0805"; VariantName = "[No Variations]"
Add component (AddParameter): Name = "Supplier"; Value = "LC"; VariantName = "[No Variations]"
Add component (AddParameter): Name = "SuppliersPartNumber"; Value = "C2295"; VariantName = "[No Variations]"
Added Component: Designator=DS1(LC-0805_LED_S1)
Add component. Clean all parameters for all variants
Add component (AddParameter): Name = "ComponentLink1Description"; Value = "供应商链接"; VariantName = "[No Variations]"
Add component (AddParameter): Name = "ComponentLink1URL"; Value = "http://www.szlcsc.com/product/details_2670.html"; VariantName = "[No Variations]"
Add component (AddParameter): Name = "Package"; Value = "0805"; VariantName = "[No Variations]"
Add component (AddParameter): Name = "Supplier"; Value = "LC"; VariantName = "[No Variations]"
Add component (AddParameter): Name = "SuppliersPartNumber"; Value = "C2297"; VariantName = "[No Variations]"
Added Component: Designator=L1(L_SOP74)
Add component. Clean all parameters for all variants
Added Component: Designator=PWR(LC-0805_LED_S1)
Add component. Clean all parameters for all variants
Add component (AddParameter): Name = "ComponentLink1Description"; Value = "供应商链接"; VariantName = "[No Variations]"
Add component (AddParameter): Name = "ComponentLink1URL"; Value = "http://www.szlcsc.com/product/details_2666.html"; VariantName = "[No Variations]"
Add component (AddParameter): Name = "Package"; Value = "0805"; VariantName = "[No Variations]"
Add component (AddParameter): Name = "Supplier"; Value = "LC"; VariantName = "[No Variations]"
Add component (AddParameter): Name = "SuppliersPartNumber"; Value = "C2293"; VariantName = "[No Variations]"
Added Component: Designator=R6(LC-0805_R)
Add component. Clean all parameters for all variants
Add component (AddParameter): Name = "ComponentLink1Description"; Value = "供应商链接"; VariantName = "[No Variations]"
Add component (AddParameter): Name = "ComponentLink1URL"; Value = "http://www.szlcsc.com/product/details_18102.html"; VariantName = "[No Variations]"
Add component (AddParameter): Name = "Package"; Value = "0805"; VariantName = "[No Variations]"
Add component (AddParameter): Name = "Supplier"; Value = "LC"; VariantName = "[No Variations]"
Add component (AddParameter): Name = "SuppliersPartNumber"; Value = "C17414"; VariantName = "[No Variations]"
Added Component: Designator=R7(LC-0805_R)
Add component. Clean all parameters for all variants
Add component (AddParameter): Name = "ComponentLink1Description"; Value = "供应商链接"; VariantName = "[No Variations]"
Add component (AddParameter): Name = "ComponentLink1URL"; Value = "http://www.szlcsc.com/product/details_18421.html"; VariantName = "[No Variations]"
Add component (AddParameter): Name = "Package"; Value = "0805"; VariantName = "[No Variations]"
Add component (AddParameter): Name = "Supplier"; Value = "LC"; VariantName = "[No Variations]"
Add component (AddParameter): Name = "SuppliersPartNumber"; Value = "C17733"; VariantName = "[No Variations]"
Added Component: Designator=R8(LC-0805_R)
Add component. Clean all parameters for all variants
Add component (AddParameter): Name = "ComponentLink1Description"; Value = "供应商链接"; VariantName = "[No Variations]"
Add component (AddParameter): Name = "ComponentLink1URL"; Value = "http://www.szlcsc.com/product/details_18421.html"; VariantName = "[No Variations]"
Add component (AddParameter): Name = "Package"; Value = "0805"; VariantName = "[No Variations]"
Add component (AddParameter): Name = "Supplier"; Value = "LC"; VariantName = "[No Variations]"
Add component (AddParameter): Name = "SuppliersPartNumber"; Value = "C17733"; VariantName = "[No Variations]"
Added Component: Designator=R9(LC-0805_R)
Add component. Clean all parameters for all variants
Add component (AddParameter): Name = "ComponentLink1Description"; Value = "供应商链接"; VariantName = "[No Variations]"
Add component (AddParameter): Name = "ComponentLink1URL"; Value = "http://www.szlcsc.com/product/details_18421.html"; VariantName = "[No Variations]"
Add component (AddParameter): Name = "Package"; Value = "0805"; VariantName = "[No Variations]"
Add component (AddParameter): Name = "Supplier"; Value = "LC"; VariantName = "[No Variations]"
Add component (AddParameter): Name = "SuppliersPartNumber"; Value = "C17733"; VariantName = "[No Variations]"
Added Component: Designator=RESET?(KEY_M)
Add component. Clean all parameters for all variants
Added Component: Designator=STLINK(HDR1X4)
Add component. Clean all parameters for all variants
Add component (AddParameter): Name = "LatestRevisionDate"; Value = "17-Jul-2002"; VariantName = "[No Variations]"
Add component (AddParameter): Name = "LatestRevisionNote"; Value = "Re-released for DXP Platform."; VariantName = "[No Variations]"
Add component (AddParameter): Name = "Publisher"; Value = "Altium Limited"; VariantName = "[No Variations]"
Added Component: Designator=U2(LC-TO-263-5)
Add component. Clean all parameters for all variants
Add component (AddParameter): Name = "ComponentLink1Description"; Value = "供应商链接"; VariantName = "[No Variations]"
Add component (AddParameter): Name = "ComponentLink1URL"; Value = "http://www.szlcsc.com/product/details_10538.html"; VariantName = "[No Variations]"
Add component (AddParameter): Name = "Package"; Value = "TO-263-5"; VariantName = "[No Variations]"
Add component (AddParameter): Name = "Supplier"; Value = "LC"; VariantName = "[No Variations]"
Add component (AddParameter): Name = "SuppliersPartNumber"; Value = "C10002"; VariantName = "[No Variations]"
Added Pin To Net: NetName=+5 Pin=ATK MODULE-1
Added Pin To Net: NetName=GND Pin=ATK MODULE-2
Added Pin To Net: NetName=GND Pin=Battery-1
Added Pin To Net: NetName=+5 Pin=C3-1
Added Pin To Net: NetName=GND Pin=C3-2
Added Pin To Net: NetName=GND Pin=C5-1
Added Pin To Net: NetName=+5 Pin=C5-2
Added Pin To Net: NetName=T2 Pin=C7-1
Added Pin To Net: NetName=GND Pin=C7-2
Added Pin To Net: NetName=+5 Pin=C8-1
Added Pin To Net: NetName=GND Pin=C8-2
Added Pin To Net: NetName=GND Pin=C11-1
Added Pin To Net: NetName=RESET Pin=C11-2
Added Pin To Net: NetName=GND Pin=Charge-1
Added Pin To Net: NetName=GND Pin=CSB0-1
Added Pin To Net: NetName=+5 Pin=CSB0-4
Added Pin To Net: NetName=GND Pin=CSB1-1
Added Pin To Net: NetName=+5 Pin=CSB1-4
Added Pin To Net: NetName=GND Pin=CSB2-1
Added Pin To Net: NetName=+5 Pin=CSB2-4
Added Pin To Net: NetName=GND Pin=CSB3-1
Added Pin To Net: NetName=+5 Pin=CSB3-4
Added Pin To Net: NetName=VUSB Pin=D1-2
Added Pin To Net: NetName=T2 Pin=D2-2
Added Pin To Net: NetName=GND Pin=D3-1
Added Pin To Net: NetName=GND Pin=D4-2
Added Pin To Net: NetName=GND Pin=DC_IN-1
Added Pin To Net: NetName=+5 Pin=L1-1
Added Pin To Net: NetName=GND Pin=PWR-K
Added Pin To Net: NetName=VUSB Pin=R2-1
Added Pin To Net: NetName=NetG U - V_4 Pin=R2-2
Added Pin To Net: NetName=VBAT Pin=R6-1
Added Pin To Net: NetName=RESET Pin=R6-2
Added Pin To Net: NetName=VBAT Pin=R7-2
Added Pin To Net: NetName=VBAT Pin=R8-2
Added Pin To Net: NetName=VBAT Pin=R9-2
Added Pin To Net: NetName=RESET Pin=RESET?-1
Added Pin To Net: NetName=RESET Pin=RESET?-1
Added Pin To Net: NetName=GND Pin=RESET?-2
Added Pin To Net: NetName=GND Pin=RESET?-2
Added Pin To Net: NetName=GND Pin=STLINK-1
Added Pin To Net: NetName=R2 Pin=STLINK-2
Added Pin To Net: NetName=NetD6_2 Pin=STLINK-3
Added Pin To Net: NetName=+5 Pin=STLINK-4
Added Pin To Net: NetName=T2 Pin=U2-1
Added Pin To Net: NetName=GND Pin=U2-3
Added Pin To Net: NetName=+5 Pin=U2-4
Added Pin To Net: NetName=GND Pin=U2-5
Added Pin To Net: NetName=NetD6_2 Pin=U4-105
Added Pin To Net: NetName=R2 Pin=U4-109
Change Net Name : Old Net Name=NetC1_2 New Net Name=NetC13_2
Change Net Name : Old Net Name=NetC2_2 New Net Name=NetC14_2
Change Net Name : Old Net Name=NetC3_1 New Net Name=NetC15_1
Change Net Name : Old Net Name=NetC3_2 New Net Name=NetC15_2
Change Net Name : Old Net Name=NetC4_2 New Net Name=NetC16_2
Change Net Name : Old Net Name=NetC5_1 New Net Name=NetC17_1
Change Net Name : Old Net Name=NetC6_1 New Net Name=NetC19_1
Change Net Name : Old Net Name=NetC23_1 New Net Name=NetC1_1
Change Net Name : Old Net Name=NetD1_1 New Net Name=NetD5_1
Change Net Name : Old Net Name=NetD2_1 New Net Name=NetD6_1
Change Net Name : Old Net Name=NetD4_1 New Net Name=NetD7_1
Change Net Name : Old Net Name=NetD5_1 New Net Name=NetD8_1
Change Net Name : Old Net Name=NetD6_2 New Net Name=SWDIO
Change Net Name : Old Net Name=NetP2_1 New Net Name=NetP1_1
Change Net Name : Old Net Name=NetP2_3 New Net Name=NetP1_3
Change Net Name : Old Net Name=NetP3_3 New Net Name=NetP2_3
Change Net Name : Old Net Name=NetP3_4 New Net Name=NetP2_4
Change Net Name : Old Net Name=NetR3_1 New Net Name=NetR15_1
Change Net Name : Old Net Name=NetR8_2 New Net Name=NetR10_2
Change Net Name : Old Net Name=R2 New Net Name=SWCLK
Change Net Name : Old Net Name=T2 New Net Name=NetC7_1
Change Net Name : Old Net Name=VUSB New Net Name=NetD1_2
Added Pin To Net: NetName=Battery Pin=Battery-2
Added Pin To Net: NetName=Battery Pin=U4-41
Added Net: Name=Battery
Added Pin To Net: NetName=Charge Pin=Charge-2
Added Pin To Net: NetName=Charge Pin=U4-141
Added Net: Name=Charge
Added Pin To Net: NetName=GBC_KEY Pin=ATK MODULE-5
Added Net: Name=GBC_KEY
Added Pin To Net: NetName=GBC_LED Pin=ATK MODULE-6
Added Net: Name=GBC_LED
Added Pin To Net: NetName=GBC_RX Pin=ATK MODULE-4
Added Pin To Net: NetName=GBC_RX Pin=U4-69
Added Net: Name=GBC_RX
Added Pin To Net: NetName=GBC_TX Pin=ATK MODULE-3
Added Pin To Net: NetName=GBC_TX Pin=U4-70
Added Net: Name=GBC_TX
Added Pin To Net: NetName=I2C_SCL Pin=CSB0-3
Added Pin To Net: NetName=I2C_SCL Pin=CSB1-3
Added Pin To Net: NetName=I2C_SCL Pin=CSB2-3
Added Pin To Net: NetName=I2C_SCL Pin=CSB3-3
Added Pin To Net: NetName=I2C_SCL Pin=U4-139
Added Net: Name=I2C_SCL
Added Pin To Net: NetName=I2C_SDA Pin=CSB0-2
Added Pin To Net: NetName=I2C_SDA Pin=CSB1-2
Added Pin To Net: NetName=I2C_SDA Pin=CSB2-2
Added Pin To Net: NetName=I2C_SDA Pin=CSB3-2
Added Pin To Net: NetName=I2C_SDA Pin=U4-140
Added Net: Name=I2C_SDA
Added Pin To Net: NetName=LED0 Pin=DS0-K
Added Net: Name=LED0
Added Pin To Net: NetName=LED1 Pin=DS1-K
Added Net: Name=LED1
Added Pin To Net: NetName=NetD2_1 Pin=D2-1
Added Pin To Net: NetName=NetD2_1 Pin=DC_IN-2
Added Net: Name=NetD2_1
Added Pin To Net: NetName=NetD4_1 Pin=D4-1
Added Pin To Net: NetName=NetD4_1 Pin=L1-2
Added Pin To Net: NetName=NetD4_1 Pin=U2-2
Added Net: Name=NetD4_1
Added Pin To Net: NetName=NetDS0_A Pin=DS0-A
Added Pin To Net: NetName=NetDS0_A Pin=R7-1
Added Net: Name=NetDS0_A
Added Pin To Net: NetName=NetDS1_A Pin=DS1-A
Added Pin To Net: NetName=NetDS1_A Pin=R8-1
Added Net: Name=NetDS1_A
Added Pin To Net: NetName=NetPWR_A Pin=PWR-A
Added Pin To Net: NetName=NetPWR_A Pin=R9-1
Added Net: Name=NetPWR_A
Added Member To Class: ClassName=D3R900 Member=Component ATK MODULE Header 6
Added Member To Class: ClassName=D3R900 Member=Component Battery Header 2
Added Member To Class: ClassName=D3R900 Member=Component C28 100nF(104) 10% 50V
Added Member To Class: ClassName=D3R900 Member=Component C29 100nF(104) 10% 50V
Added Member To Class: ClassName=D3R900 Member=Component C30 100nF(104) 10% 50V
Added Member To Class: ClassName=D3R900 Member=Component C31 100nF(104) 10% 50V
Added Member To Class: ClassName=D3R900 Member=Component C32 100nF(104) 10% 50V
Added Member To Class: ClassName=D3R900 Member=Component Charge Header 2
Added Member To Class: ClassName=D3R900 Member=Component CSB0 Header 4
Added Member To Class: ClassName=D3R900 Member=Component CSB1 Header 4
Added Member To Class: ClassName=D3R900 Member=Component CSB2 Header 4
Added Member To Class: ClassName=D3R900 Member=Component CSB3 Header 4
Added Member To Class: ClassName=D3R900 Member=Component D7 SS210
Added Member To Class: ClassName=D3R900 Member=Component D8 SS210
Added Member To Class: ClassName=D3R900 Member=Component DC_IN Header 2
Added Member To Class: ClassName=D3R900 Member=Component DS0 红灯 0805
Added Member To Class: ClassName=D3R900 Member=Component DS1 翠绿 0805
Added Member To Class: ClassName=D3R900 Member=Component L1 33uH
Added Member To Class: ClassName=D3R900 Member=Component PWR 蓝灯 0805
Added Member To Class: ClassName=D3R900 Member=Component R11 4.7KΩ (4701) ±1%
Added Member To Class: ClassName=D3R900 Member=Component R12 1MΩ (1004) ±1%
Added Member To Class: ClassName=D3R900 Member=Component R14 10Ω (10R0) ±1%
Added Member To Class: ClassName=D3R900 Member=Component R15 0Ω (0R0) ±1%
Added Member To Class: ClassName=D3R900 Member=Component R16 0Ω (0R0) ±1%
Added Member To Class: ClassName=D3R900 Member=Component RESET? KEY_M
Added Member To Class: ClassName=D3R900 Member=Component STLINK Header 4
Added Member To Class: ClassName=D3R900 Member=Component U4 STM32F407ZET6
