Removed Pin From Net: NetName=Charge Pin=C35-1
Removed Pin From Net: NetName=GND Pin=C35-2
Removed Pin From Net: NetName=Battery Pin=C36-1
Removed Pin From Net: NetName=GND Pin=C36-2
Removed Member From Class: ClassName=R3D900 Member=C36
Change Component Footprint: Designator=C35 Old Footprint=CAP-DIP-3.5 New Footprint=LC-0805_C
Change Component Comment : Designator=C35 Old Comment=Cap New Comment=1uF (105) 10% 50V
Change component parameters: Designator = "C35"; Footprint = "LC-0805_C"; UniqueID = "\CPCFVUIX"
Change component parameters. Clean all parameters for all variants
Change component parameters (AddParameter): Name = "ComponentLink1Description"; Value = "供应商链接"; VariantName = "[No Variations]"
Change component parameters (AddParameter): Name = "ComponentLink1URL"; Value = "http://www.szlcsc.com/product/details_29074.html"; VariantName = "[No Variations]"
Change component parameters (AddParameter): Name = "Package"; Value = "0805"; VariantName = "[No Variations]"
Change component parameters (AddParameter): Name = "Supplier"; Value = "LC"; VariantName = "[No Variations]"
Change component parameters (AddParameter): Name = "SuppliersPartNumber"; Value = "C28323"; VariantName = "[No Variations]"
Added Component: Designator=C8(LC-0805_C)
Add component. Clean all parameters for all variants
Add component (AddParameter): Name = "ComponentLink1Description"; Value = "供应商链接"; VariantName = "[No Variations]"
Add component (AddParameter): Name = "ComponentLink1URL"; Value = "http://www.szlcsc.com/product/details_29074.html"; VariantName = "[No Variations]"
Add component (AddParameter): Name = "Package"; Value = "0805"; VariantName = "[No Variations]"
Add component (AddParameter): Name = "Supplier"; Value = "LC"; VariantName = "[No Variations]"
Add component (AddParameter): Name = "SuppliersPartNumber"; Value = "C28323"; VariantName = "[No Variations]"
Added Pin To Net: NetName=GND Pin=C8-1
Added Pin To Net: NetName=Charge Pin=C8-2
Added Pin To Net: NetName=GND Pin=C35-1
Added Pin To Net: NetName=Battery Pin=C35-2
Added Member To Class: ClassName=R3D900 Member=Component C8 1uF (105) 10% 50V
