Change Component Designator: OldDesignator=IIC NewDesignator=IIC1
Added Component: Designator=IIC2(HDR1X4)
Add component. Clean all parameters for all variants
Add component (AddParameter): Name = "LatestRevisionDate"; Value = "17-Jul-2002"; VariantName = "[No Variations]"
Add component (AddParameter): Name = "LatestRevisionNote"; Value = "Re-released for DXP Platform."; VariantName = "[No Variations]"
Add component (AddParameter): Name = "Publisher"; Value = "Altium Limited"; VariantName = "[No Variations]"
Added Component: Designator=IIC3(HDR1X4)
Add component. Clean all parameters for all variants
Add component (AddParameter): Name = "LatestRevisionDate"; Value = "17-Jul-2002"; VariantName = "[No Variations]"
Add component (AddParameter): Name = "LatestRevisionNote"; Value = "Re-released for DXP Platform."; VariantName = "[No Variations]"
Add component (AddParameter): Name = "Publisher"; Value = "Altium Limited"; VariantName = "[No Variations]"
Added Component: Designator=IIC4(HDR1X4)
Add component. Clean all parameters for all variants
Add component (AddParameter): Name = "LatestRevisionDate"; Value = "17-Jul-2002"; VariantName = "[No Variations]"
Add component (AddParameter): Name = "LatestRevisionNote"; Value = "Re-released for DXP Platform."; VariantName = "[No Variations]"
Add component (AddParameter): Name = "Publisher"; Value = "Altium Limited"; VariantName = "[No Variations]"
Added Pin To Net: NetName=GND Pin=IIC2-1
Added Pin To Net: NetName=IIC_SDA Pin=IIC2-2
Added Pin To Net: NetName=IIC_SCL Pin=IIC2-3
Added Pin To Net: NetName=+3.3 Pin=IIC2-4
Added Pin To Net: NetName=GND Pin=IIC3-1
Added Pin To Net: NetName=IIC_SDA Pin=IIC3-2
Added Pin To Net: NetName=IIC_SCL Pin=IIC3-3
Added Pin To Net: NetName=+3.3 Pin=IIC3-4
Added Pin To Net: NetName=GND Pin=IIC4-1
Added Pin To Net: NetName=IIC_SDA Pin=IIC4-2
Added Pin To Net: NetName=IIC_SCL Pin=IIC4-3
Added Pin To Net: NetName=+3.3 Pin=IIC4-4
Added Member To Class: ClassName=R3D900 Member=Component IIC2 Header 4
Added Member To Class: ClassName=R3D900 Member=Component IIC3 Header 4
Added Member To Class: ClassName=R3D900 Member=Component IIC4 Header 4
