Removed Pin From Net: NetName=+3.3 Pin=IIC1-4
Removed Pin From Net: NetName=+3.3 Pin=IIC2-4
Removed Pin From Net: NetName=+3.3 Pin=IIC3-4
Removed Pin From Net: NetName=+3.3 Pin=IIC4-4
Removed Pin From Net: NetName=FDL1 Pin=U3-40
Change Component Footprint: Designator=IIC1 Old Footprint=HDR1X4 New Footprint=HDR1X3
Change Component Footprint: Designator=IIC2 Old Footprint=HDR1X4 New Footprint=HDR1X3
Change Component Footprint: Designator=IIC3 Old Footprint=HDR1X4 New Footprint=HDR1X3
Change Component Footprint: Designator=IIC4 Old Footprint=HDR1X4 New Footprint=HDR1X3
Change Component Comment : Designator=IIC1 Old Comment=Header 4 New Comment=Header 3
Change Component Comment : Designator=IIC2 Old Comment=Header 4 New Comment=Header 3
Change Component Comment : Designator=IIC3 Old Comment=Header 4 New Comment=Header 3
Change Component Comment : Designator=IIC4 Old Comment=Header 4 New Comment=Header 3
Added Component: Designator=IIC5(HDR1X3)
Add component. Clean all parameters for all variants
Add component (AddParameter): Name = "LatestRevisionDate"; Value = "17-Jul-2002"; VariantName = "[No Variations]"
Add component (AddParameter): Name = "LatestRevisionNote"; Value = "Re-released for DXP Platform."; VariantName = "[No Variations]"
Add component (AddParameter): Name = "Publisher"; Value = "Altium Limited"; VariantName = "[No Variations]"
Added Pin To Net: NetName=GND Pin=IIC5-1
Added Pin To Net: NetName=IIC_SDA Pin=IIC5-2
Added Pin To Net: NetName=IIC_SCL Pin=IIC5-3
Added Pin To Net: NetName=FDL1 Pin=U3-117
Added Member To Class: ClassName=R3D900 Member=Component IIC5 Header 3
