Added Component: Designator=ÓÒ±àÂëÆ÷(PHB_2x6_2.0)
Add component. Clean all parameters for all variants
Add component (AddParameter): Name = "LatestRevisionDate"; Value = "17-Jul-2002"; VariantName = "[No Variations]"
Add component (AddParameter): Name = "LatestRevisionNote"; Value = "Re-released for DXP Platform."; VariantName = "[No Variations]"
Add component (AddParameter): Name = "Publisher"; Value = "Altium Limited"; VariantName = "[No Variations]"
Added Component: Designator=×ó±àÂëÆ÷(PHB_2x6_2.0)
Add component. Clean all parameters for all variants
Add component (AddParameter): Name = "LatestRevisionDate"; Value = "17-Jul-2002"; VariantName = "[No Variations]"
Add component (AddParameter): Name = "LatestRevisionNote"; Value = "Re-released for DXP Platform."; VariantName = "[No Variations]"
Add component (AddParameter): Name = "Publisher"; Value = "Altium Limited"; VariantName = "[No Variations]"
Added Pin To Net: NetName=NetR22_1 Pin=ÓÒ±àÂëÆ÷-1
Added Pin To Net: NetName=GND Pin=ÓÒ±àÂëÆ÷-2
Added Pin To Net: NetName=A+2 Pin=ÓÒ±àÂëÆ÷-3
Added Pin To Net: NetName=A-2 Pin=ÓÒ±àÂëÆ÷-4
Added Pin To Net: NetName=B+2 Pin=ÓÒ±àÂëÆ÷-5
Added Pin To Net: NetName=B-2 Pin=ÓÒ±àÂëÆ÷-6
Added Pin To Net: NetName=Z+2 Pin=ÓÒ±àÂëÆ÷-7
Added Pin To Net: NetName=Z-2 Pin=ÓÒ±àÂëÆ÷-8
Added Pin To Net: NetName=NetR21_1 Pin=×ó±àÂëÆ÷-1
Added Pin To Net: NetName=GND Pin=×ó±àÂëÆ÷-2
Added Pin To Net: NetName=A+1 Pin=×ó±àÂëÆ÷-3
Added Pin To Net: NetName=A-1 Pin=×ó±àÂëÆ÷-4
Added Pin To Net: NetName=B+1 Pin=×ó±àÂëÆ÷-5
Added Pin To Net: NetName=B-1 Pin=×ó±àÂëÆ÷-6
Added Pin To Net: NetName=Z+1 Pin=×ó±àÂëÆ÷-7
Added Pin To Net: NetName=Z-1 Pin=×ó±àÂëÆ÷-8
Added Member To Class: ClassName=R3D900 Member=Component ÓÒ±àÂëÆ÷ HEADER_2X6
Added Member To Class: ClassName=R3D900 Member=Component ×ó±àÂëÆ÷ HEADER_2X6
