Change Component Designator: OldDesignator=C3 NewDesignator=C23
Change Component Designator: OldDesignator=C4 NewDesignator=C3
Change Component Designator: OldDesignator=C5 NewDesignator=C4
Change Component Designator: OldDesignator=C6 NewDesignator=C5
Change Component Designator: OldDesignator=C7 NewDesignator=C24
Change Component Designator: OldDesignator=C8 NewDesignator=C26
Change Component Designator: OldDesignator=C9 NewDesignator=C6
Change Component Designator: OldDesignator=C10 NewDesignator=C7
Change Component Designator: OldDesignator=C11 NewDesignator=C8
Change Component Designator: OldDesignator=C12 NewDesignator=C22
Change Component Designator: OldDesignator=C13 NewDesignator=C9
Change Component Designator: OldDesignator=C14 NewDesignator=C10
Change Component Designator: OldDesignator=C15 NewDesignator=C11
Change Component Designator: OldDesignator=C16 NewDesignator=C12
Change Component Designator: OldDesignator=C17 NewDesignator=C13
Change Component Designator: OldDesignator=C18 NewDesignator=C14
Change Component Designator: OldDesignator=C19 NewDesignator=C15
Change Component Designator: OldDesignator=C20 NewDesignator=C16
Change Component Designator: OldDesignator=C21 NewDesignator=C17
Change Component Designator: OldDesignator=C22 NewDesignator=C18
Change Component Designator: OldDesignator=C23 NewDesignator=C19
Change Component Designator: OldDesignator=C24 NewDesignator=C20
Change Component Designator: OldDesignator=C25 NewDesignator=C28
Change Component Designator: OldDesignator=C26 NewDesignator=C29
Change Component Designator: OldDesignator=C27 NewDesignator=C30
Change Component Designator: OldDesignator=C28 NewDesignator=C31
Change Component Designator: OldDesignator=C29 NewDesignator=C32
Change Component Designator: OldDesignator=C30 NewDesignator=C25
Change Component Designator: OldDesignator=C31 NewDesignator=C33
Change Component Designator: OldDesignator=C32 NewDesignator=C34
Change Component Designator: OldDesignator=C33 NewDesignator=C35
Change Component Designator: OldDesignator=C34 NewDesignator=C21
Change Component Designator: OldDesignator=C35 NewDesignator=C27
Change Component Designator: OldDesignator=CSB0 NewDesignator=CSB1
Change Component Designator: OldDesignator=CSB1 NewDesignator=CSB2
Change Component Designator: OldDesignator=CSB2 NewDesignator=CSB3
Change Component Designator: OldDesignator=CSB3 NewDesignator=CSB4
Change Component Designator: OldDesignator=D5 NewDesignator=D3
Change Component Designator: OldDesignator=D6 NewDesignator=D4
Change Component Designator: OldDesignator=D7 NewDesignator=D5
Change Component Designator: OldDesignator=D8 NewDesignator=D6
Change Component Designator: OldDesignator=P3 NewDesignator=P1
Change Component Designator: OldDesignator=P4 NewDesignator=P2
Change Component Designator: OldDesignator=P5 NewDesignator=P3
Change Component Designator: OldDesignator=R4 NewDesignator=R5
Change Component Designator: OldDesignator=R5 NewDesignator=R6
Change Component Designator: OldDesignator=R6 NewDesignator=R19
Change Component Designator: OldDesignator=R8 NewDesignator=R10
Change Component Designator: OldDesignator=R9 NewDesignator=R11
Change Component Designator: OldDesignator=R10 NewDesignator=R12
Change Component Designator: OldDesignator=R11 NewDesignator=R14
Change Component Designator: OldDesignator=R12 NewDesignator=R15
Change Component Designator: OldDesignator=R14 NewDesignator=R17
Change Component Designator: OldDesignator=R15 NewDesignator=R8
Change Component Designator: OldDesignator=R16 NewDesignator=R20
Change Component Designator: OldDesignator=R17 NewDesignator=R16
Change Component Designator: OldDesignator=R19 NewDesignator=R21
Change Component Designator: OldDesignator=R20 NewDesignator=R22
Change Component Designator: OldDesignator=R21 NewDesignator=R23
Change Component Designator: OldDesignator=R22 NewDesignator=R24
Change Component Designator: OldDesignator=R23 NewDesignator=R25
Change Component Designator: OldDesignator=R24 NewDesignator=R26
Change Component Designator: OldDesignator=R25 NewDesignator=R9
Change Component Designator: OldDesignator=U2 NewDesignator=U4
Change Component Designator: OldDesignator=U3 NewDesignator=U2
Change Component Designator: OldDesignator=U4 NewDesignator=U3
Change Component Designator: OldDesignator=VR2 NewDesignator=VR1
Added Component: Designator=R4(LC-0805_R)
Add component. Clean all parameters for all variants
Add component (AddParameter): Name = "ComponentLink1Description"; Value = "供应商链接"; VariantName = "[No Variations]"
Add component (AddParameter): Name = "ComponentLink1URL"; Value = "http://www.szlcsc.com/product/details_18361.html"; VariantName = "[No Variations]"
Add component (AddParameter): Name = "Package"; Value = "0805"; VariantName = "[No Variations]"
Add component (AddParameter): Name = "Supplier"; Value = "LC"; VariantName = "[No Variations]"
Add component (AddParameter): Name = "SuppliersPartNumber"; Value = "C17673"; VariantName = "[No Variations]"
Added Component: Designator=R7(LC-0805_R)
Add component. Clean all parameters for all variants
Add component (AddParameter): Name = "ComponentLink1Description"; Value = "供应商链接"; VariantName = "[No Variations]"
Add component (AddParameter): Name = "ComponentLink1URL"; Value = "http://www.szlcsc.com/product/details_18361.html"; VariantName = "[No Variations]"
Add component (AddParameter): Name = "Package"; Value = "0805"; VariantName = "[No Variations]"
Add component (AddParameter): Name = "Supplier"; Value = "LC"; VariantName = "[No Variations]"
Add component (AddParameter): Name = "SuppliersPartNumber"; Value = "C17673"; VariantName = "[No Variations]"
Added Pin To Net: NetName=I2C_SCL Pin=R4-1
Added Pin To Net: NetName=+3.3 Pin=R4-2
Added Pin To Net: NetName=+3.3 Pin=R7-1
Added Pin To Net: NetName=I2C_SDA Pin=R7-2
Change Net Name : Old Net Name=NetC3_2 New Net Name=NetC23_2
Change Net Name : Old Net Name=NetC7_2 New Net Name=NetC24_2
Change Net Name : Old Net Name=NetC25_2 New Net Name=NetC28_2
Change Net Name : Old Net Name=NetC26_2 New Net Name=NetC29_2
Change Net Name : Old Net Name=NetC27_2 New Net Name=NetC30_2
Change Net Name : Old Net Name=NetC28_2 New Net Name=NetC31_2
Change Net Name : Old Net Name=NetC29_1 New Net Name=NetC32_1
Change Net Name : Old Net Name=NetC31_1 New Net Name=NetC33_1
Change Net Name : Old Net Name=NetD5_1 New Net Name=NetD3_1
Change Net Name : Old Net Name=NetD6_1 New Net Name=NetD4_1
Change Net Name : Old Net Name=NetD7_1 New Net Name=NetD5_1
Change Net Name : Old Net Name=NetD8_1 New Net Name=NetD6_1
Change Net Name : Old Net Name=NetP4_1 New Net Name=NetP2_1
Change Net Name : Old Net Name=NetP5_1 New Net Name=NetP3_1
Change Net Name : Old Net Name=NetR4_2 New Net Name=NetR5_2
Change Net Name : Old Net Name=NetR16_1 New Net Name=NetR20_1
Added Member To Class: ClassName=R3D900 Member=Component R7 4.7KΩ (4701) ±1%
Added Member To Class: ClassName=R3D900 Member=Component R26 120Ω (1200) ±1%
