Removed Pin From Net: NetName=VUSB Pin=USB_SLAVE-1
Removed Pin From Net: NetName=NetU4_6 Pin=USB_SLAVE-2
Removed Pin From Net: NetName=NetU4_5 Pin=USB_SLAVE-3
Removed Pin From Net: NetName=GND Pin=USB_SLAVE-5
Change Component Footprint: Designator=USB_SLAVE Old Footprint=USB/SM0.8-6H5 New Footprint=HDR1X4
Change Component Comment : Designator=USB_SLAVE Old Comment=USB-B(Mini) New Comment=Header 4
Change component parameters: Designator = "USB_SLAVE"; Footprint = "HDR1X4"; UniqueID = "\IGDTOSYH"
Change component parameters. Clean all parameters for all variants
Change component parameters (AddParameter): Name = "LatestRevisionDate"; Value = "17-Jul-2002"; VariantName = "[No Variations]"
Change component parameters (AddParameter): Name = "LatestRevisionNote"; Value = "Re-released for DXP Platform."; VariantName = "[No Variations]"
Change component parameters (AddParameter): Name = "Publisher"; Value = "Altium Limited"; VariantName = "[No Variations]"
Added Component: Designator=R?(LC-0805_R)
Add component. Clean all parameters for all variants
Add component (AddParameter): Name = "ComponentLink1Description"; Value = "供应商链接"; VariantName = "[No Variations]"
Add component (AddParameter): Name = "ComponentLink1URL"; Value = "http://www.szlcsc.com/product/details_18165.html"; VariantName = "[No Variations]"
Add component (AddParameter): Name = "Package"; Value = "0805"; VariantName = "[No Variations]"
Add component (AddParameter): Name = "Supplier"; Value = "LC"; VariantName = "[No Variations]"
Add component (AddParameter): Name = "SuppliersPartNumber"; Value = "C17477"; VariantName = "[No Variations]"
Added Pin To Net: NetName=VUSB Pin=R?-2
Added Pin To Net: NetName=GND Pin=USB_SLAVE-1
Added Pin To Net: NetName=NetU4_5 Pin=USB_SLAVE-2
Added Pin To Net: NetName=NetU4_6 Pin=USB_SLAVE-3
Added Pin To Net: NetName=NetR?_1 Pin=R?-1
Added Pin To Net: NetName=NetR?_1 Pin=USB_SLAVE-4
Added Net: Name=NetR?_1
Added Member To Class: ClassName=D3R900 Member=Component R? 0Ω (0R0) ±1%
