Removed Pin From Net: NetName=5V_GL Pin=R9-2
Removed Pin From Net: NetName=Tem2 Pin=R10-1
Removed Pin From Net: NetName=5V_GL Pin=R10-2
Removed Pin From Net: NetName=5V_GL Pin=温度-1
Removed Pin From Net: NetName=Tem1 Pin=温度-2
Removed Pin From Net: NetName=GND_GL Pin=温度-3
Removed Pin From Net: NetName=5V_GL Pin=温湿度-1
Removed Pin From Net: NetName=Tem2 Pin=温湿度-2
Removed Pin From Net: NetName=GND_GL Pin=温湿度-3
Removed Member From Class: ClassName=R3S602 Member=温度
Change Component Footprint: Designator=温湿度 Old Footprint=HDR1X3 New Footprint=HDR1X4
Change Component Footprint: Designator=R10 Old Footprint=LC-0805_R New Footprint=LC-0603_R
Change Component Comment : Designator=R10 Old Comment=4.7KΩ (4701) ±1% New Comment=0Ω (0R0) ±1%
Change Component Comment : Designator=R9 Old Comment=4.7KΩ (4701) ±1% New Comment=5.1KΩ (5101) ±1%
Change Component Comment : Designator=温湿度 Old Comment=Header 3 New Comment=Header 4
Change component parameters: Designator = "R9"; Footprint = "LC-0805_R"; UniqueID = "\BFSHMIIF"
Change component parameters. Clean all parameters for all variants
Change component parameters (AddParameter): Name = "ComponentLink1Description"; Value = "供应商链接"; VariantName = "[No Variations]"
Change component parameters (AddParameter): Name = "ComponentLink1URL"; Value = "http://www.szlcsc.com/product/details_28584.html"; VariantName = "[No Variations]"
Change component parameters (AddParameter): Name = "Package"; Value = "0805"; VariantName = "[No Variations]"
Change component parameters (AddParameter): Name = "Supplier"; Value = "LC"; VariantName = "[No Variations]"
Change component parameters (AddParameter): Name = "SuppliersPartNumber"; Value = "C27834"; VariantName = "[No Variations]"
Change component parameters: Designator = "R10"; Footprint = "LC-0603_R"; UniqueID = "\GFNVXYTT"
Change component parameters. Clean all parameters for all variants
Change component parameters (AddParameter): Name = "ComponentLink1Description"; Value = "供应商链接"; VariantName = "[No Variations]"
Change component parameters (AddParameter): Name = "ComponentLink1URL"; Value = "http://www.szlcsc.com/product/details_21903.html"; VariantName = "[No Variations]"
Change component parameters (AddParameter): Name = "Package"; Value = "0603"; VariantName = "[No Variations]"
Change component parameters (AddParameter): Name = "Supplier"; Value = "LC"; VariantName = "[No Variations]"
Change component parameters (AddParameter): Name = "SuppliersPartNumber"; Value = "C21189"; VariantName = "[No Variations]"
Added Pin To Net: NetName=+5 Pin=R9-2
Added Pin To Net: NetName=GND Pin=R10-1
Added Pin To Net: NetName=Tem2 Pin=R10-2
Added Pin To Net: NetName=+5 Pin=温湿度-1
Added Pin To Net: NetName=Tem1 Pin=温湿度-2
Added Pin To Net: NetName=GND Pin=温湿度-3
Added Pin To Net: NetName=Tem2 Pin=温湿度-4
Change Net Name : Old Net Name=Tem1 New Net Name=Tem_SDA
Change Net Name : Old Net Name=Tem2 New Net Name=Tem_SCL
