Removed Pin From Net: NetName=GND Pin=STLINK1-1
Removed Pin From Net: NetName=SWCLK Pin=STLINK1-2
Removed Pin From Net: NetName=SWDIO Pin=STLINK1-3
Removed Pin From Net: NetName=GND Pin=通讯1-1
Removed Pin From Net: NetName=U_TX Pin=通讯1-2
Removed Member From Class: ClassName=R3S602 Member=STLINK1
Removed Member From Class: ClassName=R3S602 Member=通讯1
Change Component Designator: OldDesignator=RESET? NewDesignator=RESET
Change Component Designator: OldDesignator=温湿度1 NewDesignator=温度
Added Component: Designator=Com(HDR1X3)
Add component. Clean all parameters for all variants
Add component (AddParameter): Name = "LatestRevisionDate"; Value = "17-Jul-2002"; VariantName = "[No Variations]"
Add component (AddParameter): Name = "LatestRevisionNote"; Value = "Re-released for DXP Platform."; VariantName = "[No Variations]"
Add component (AddParameter): Name = "Publisher"; Value = "Altium Limited"; VariantName = "[No Variations]"
Added Component: Designator=R?(LC-0805_R)
Add component. Clean all parameters for all variants
Add component (AddParameter): Name = "ComponentLink1Description"; Value = "供应商链接"; VariantName = "[No Variations]"
Add component (AddParameter): Name = "ComponentLink1URL"; Value = "http://www.szlcsc.com/product/details_18361.html"; VariantName = "[No Variations]"
Add component (AddParameter): Name = "Package"; Value = "0805"; VariantName = "[No Variations]"
Add component (AddParameter): Name = "Supplier"; Value = "LC"; VariantName = "[No Variations]"
Add component (AddParameter): Name = "SuppliersPartNumber"; Value = "C17673"; VariantName = "[No Variations]"
Added Component: Designator=STLINK(HDR1X4)
Add component. Clean all parameters for all variants
Add component (AddParameter): Name = "LatestRevisionDate"; Value = "17-Jul-2002"; VariantName = "[No Variations]"
Add component (AddParameter): Name = "LatestRevisionNote"; Value = "Re-released for DXP Platform."; VariantName = "[No Variations]"
Add component (AddParameter): Name = "Publisher"; Value = "Altium Limited"; VariantName = "[No Variations]"
Added Component: Designator=温湿度(HDR1X3)
Add component. Clean all parameters for all variants
Add component (AddParameter): Name = "LatestRevisionDate"; Value = "17-Jul-2002"; VariantName = "[No Variations]"
Add component (AddParameter): Name = "LatestRevisionNote"; Value = "Re-released for DXP Platform."; VariantName = "[No Variations]"
Add component (AddParameter): Name = "Publisher"; Value = "Altium Limited"; VariantName = "[No Variations]"
Added Pin To Net: NetName=U_RX Pin=Com-1
Added Pin To Net: NetName=U_TX Pin=Com-2
Added Pin To Net: NetName=GND Pin=Com-3
Added Pin To Net: NetName=+5 Pin=R?-2
Added Pin To Net: NetName=SWCLK Pin=STLINK-1
Added Pin To Net: NetName=SWDIO Pin=STLINK-2
Added Pin To Net: NetName=GND Pin=STLINK-3
Added Pin To Net: NetName=+3.3 Pin=STLINK-4
Added Pin To Net: NetName=+5 Pin=温湿度-1
Added Pin To Net: NetName=GND Pin=温湿度-3
Change Net Name : Old Net Name=NetC36_2 New Net Name=NRST
Change Net Name : Old Net Name=Tem New Net Name=Tem1
Added Pin To Net: NetName=Tem2 Pin=R?-1
Added Pin To Net: NetName=Tem2 Pin=U5-27
Added Pin To Net: NetName=Tem2 Pin=温湿度-2
Added Net: Name=Tem2
Added Member To Class: ClassName=R3S602 Member=Component Com Header 3
Added Member To Class: ClassName=R3S602 Member=Component R? 4.7KΩ (4701) ±1%
Added Member To Class: ClassName=R3S602 Member=Component STLINK Header 4
Added Member To Class: ClassName=R3S602 Member=Component 温湿度 Header 3
Added Room: Name=R3S602
