Removed Pin From Net: NetName=+5 Pin=C1-1
Removed Pin From Net: NetName=GND Pin=C1-2
Removed Pin From Net: NetName=+5 Pin=C2-1
Removed Pin From Net: NetName=GND Pin=C2-2
Removed Pin From Net: NetName=+5 Pin=C3-1
Removed Pin From Net: NetName=GND Pin=C3-2
Removed Pin From Net: NetName=+5 Pin=C4-1
Removed Pin From Net: NetName=GND Pin=C4-2
Removed Pin From Net: NetName=GND Pin=C5-2
Removed Pin From Net: NetName=+5 Pin=C6-1
Removed Pin From Net: NetName=GND Pin=C6-2
Removed Pin From Net: NetName=GND Pin=C7-1
Removed Pin From Net: NetName=ADC_IN5 Pin=C7-2
Removed Pin From Net: NetName=+5 Pin=C8-1
Removed Pin From Net: NetName=GND Pin=C8-2
Removed Pin From Net: NetName=+5 Pin=C9-1
Removed Pin From Net: NetName=GND Pin=C9-2
Removed Pin From Net: NetName=5V_GL Pin=C10-1
Removed Pin From Net: NetName=GND_GL Pin=C10-2
Removed Pin From Net: NetName=GND Pin=C11-1
Removed Pin From Net: NetName=+5 Pin=C11-2
Removed Pin From Net: NetName=+3.3 Pin=C12-1
Removed Pin From Net: NetName=GND Pin=C12-2
Removed Pin From Net: NetName=GND Pin=C13-1
Removed Pin From Net: NetName=GND Pin=C14-2
Removed Pin From Net: NetName=GND Pin=C15-2
Removed Pin From Net: NetName=GND Pin=C16-1
Removed Pin From Net: NetName=+5 Pin=C17-1
Removed Pin From Net: NetName=GND Pin=C17-2
Removed Pin From Net: NetName=+5 Pin=C18-1
Removed Pin From Net: NetName=GND Pin=C18-2
Removed Pin From Net: NetName=GND Pin=C19-1
Removed Pin From Net: NetName=+3.3 Pin=C19-2
Removed Pin From Net: NetName=GND Pin=C20-1
Removed Pin From Net: NetName=+3.3 Pin=C20-2
Removed Pin From Net: NetName=GND Pin=C21-1
Removed Pin From Net: NetName=+3.3 Pin=C21-2
Removed Pin From Net: NetName=GND Pin=C22-1
Removed Pin From Net: NetName=+3.3 Pin=C22-2
Removed Pin From Net: NetName=GND Pin=C23-1
Removed Pin From Net: NetName=+3.3 Pin=C23-2
Removed Pin From Net: NetName=GND Pin=C38-2
Removed Pin From Net: NetName=+5 Pin=C40-1
Removed Pin From Net: NetName=GND Pin=C40-2
Removed Pin From Net: NetName=+5 Pin=C41-1
Removed Pin From Net: NetName=GND Pin=C41-2
Removed Pin From Net: NetName=GND Pin=D2-1
Removed Pin From Net: NetName=GND Pin=D3-1
Removed Pin From Net: NetName=+5 Pin=D3-2
Removed Pin From Net: NetName=+5 Pin=D4-1
Removed Pin From Net: NetName=+5 Pin=D8-1
Removed Pin From Net: NetName=GND Pin=DC_IN-1
Removed Pin From Net: NetName=GND Pin=G U - V1-1
Removed Pin From Net: NetName=GND Pin=G U - V-1
Removed Pin From Net: NetName=+5 Pin=L1-1
Removed Pin From Net: NetName=GND Pin=L2-1
Removed Pin From Net: NetName=GND_GL Pin=L2-2
Removed Pin From Net: NetName=GND Pin=R1-1
Removed Pin From Net: NetName=ADC_IN6 Pin=R1-2
Removed Pin From Net: NetName=GND Pin=R2-1
Removed Pin From Net: NetName=ADC_IN4 Pin=R2-2
Removed Pin From Net: NetName=ADC_IN6 Pin=R3-1
Removed Pin From Net: NetName=ADC_IN4 Pin=R4-1
Removed Pin From Net: NetName=+5 Pin=R5-2
Removed Pin From Net: NetName=GND Pin=R6-2
Removed Pin From Net: NetName=+3.3 Pin=R8-1
Removed Pin From Net: NetName=Tem Pin=R9-1
Removed Pin From Net: NetName=+5 Pin=R9-2
Removed Pin From Net: NetName=GND Pin=RESET-2
Removed Pin From Net: NetName=GND Pin=RESET-2
Removed Pin From Net: NetName=GND Pin=STLINK-1
Removed Pin From Net: NetName=SWCLK Pin=STLINK-2
Removed Pin From Net: NetName=SWDIO Pin=STLINK-3
Removed Pin From Net: NetName=GND Pin=U1-3
Removed Pin From Net: NetName=+5 Pin=U1-4
Removed Pin From Net: NetName=GND Pin=U1-5
Removed Pin From Net: NetName=+3.3 Pin=U2-1
Removed Pin From Net: NetName=GND Pin=U2-8
Removed Pin From Net: NetName=+3.3 Pin=U2-9
Removed Pin From Net: NetName=USART2_TX Pin=U2-12
Removed Pin From Net: NetName=USART2_RX Pin=U2-13
Removed Pin From Net: NetName=ADC_IN4 Pin=U2-14
Removed Pin From Net: NetName=ADC_IN5 Pin=U2-15
Removed Pin From Net: NetName=ADC_IN6 Pin=U2-16
Removed Pin From Net: NetName=ADC_IN7 Pin=U2-17
Removed Pin From Net: NetName=USART3_TX Pin=U2-21
Removed Pin From Net: NetName=USART3_RX Pin=U2-22
Removed Pin From Net: NetName=GND Pin=U2-23
Removed Pin From Net: NetName=+3.3 Pin=U2-24
Removed Pin From Net: NetName=Tem Pin=U2-26
Removed Pin From Net: NetName=U_TX Pin=U2-30
Removed Pin From Net: NetName=U_RX Pin=U2-31
Removed Pin From Net: NetName=SWDIO Pin=U2-34
Removed Pin From Net: NetName=GND Pin=U2-35
Removed Pin From Net: NetName=+3.3 Pin=U2-36
Removed Pin From Net: NetName=SWCLK Pin=U2-37
Removed Pin From Net: NetName=GND Pin=U2-47
Removed Pin From Net: NetName=+3.3 Pin=U2-48
Removed Pin From Net: NetName=GND Pin=U3-3
Removed Pin From Net: NetName=+5 Pin=U3-7
Removed Pin From Net: NetName=U_RX Pin=U3-8
Removed Pin From Net: NetName=U_TX Pin=U3-9
Removed Pin From Net: NetName=GND Pin=U6-3
Removed Pin From Net: NetName=+5 Pin=U6-7
Removed Pin From Net: NetName=U_RX Pin=U6-8
Removed Pin From Net: NetName=U_TX Pin=U6-9
Removed Pin From Net: NetName=GND Pin=VR1-1
Removed Pin From Net: NetName=+3.3 Pin=VR1-2
Removed Pin From Net: NetName=+3.3 Pin=VR1-2
Removed Pin From Net: NetName=+5 Pin=VR1-3
Removed Pin From Net: NetName=GND Pin=分贝计-1
Removed Pin From Net: NetName=+5 Pin=分贝计-2
Removed Pin From Net: NetName=ADC_IN5 Pin=分贝计-4
Removed Pin From Net: NetName=+5 Pin=氢气-1
Removed Pin From Net: NetName=GND Pin=氢气-2
Removed Pin From Net: NetName=+5 Pin=温湿度-1
Removed Pin From Net: NetName=Tem Pin=温湿度-2
Removed Pin From Net: NetName=GND Pin=温湿度-3
Removed Pin From Net: NetName=+5 Pin=空气质量-1
Removed Pin From Net: NetName=GND Pin=空气质量-2
Removed Pin From Net: NetName=GND Pin=通讯-1
Removed Pin From Net: NetName=U_TX Pin=通讯-2
Removed Pin From Net: NetName=GND Pin=隔离电源-1
Removed Pin From Net: NetName=GND_GL Pin=隔离电源-3
Removed Pin From Net: NetName=5V_GL Pin=隔离电源-4
Removed Pin From Net: NetName=5V_GL Pin=颗粒物-1
Removed Pin From Net: NetName=GND_GL Pin=颗粒物-2
Removed Pin From Net: NetName=USART3_TX Pin=颗粒物-4
Removed Pin From Net: NetName=USART3_RX Pin=颗粒物-5
Removed Pin From Net: NetName=5V_GL Pin=风速-1
Removed Pin From Net: NetName=USART2_RX Pin=风速-2
Removed Pin From Net: NetName=USART2_TX Pin=风速-3
Removed Pin From Net: NetName=GND_GL Pin=风速-4
Removed Member From Class: ClassName=R3S602 Member=C38
Removed Member From Class: ClassName=R3S602 Member=C40
Removed Member From Class: ClassName=R3S602 Member=C41
Removed Member From Class: ClassName=R3S602 Member=D8
Removed Member From Class: ClassName=R3S602 Member=G U - V1
Removed Member From Class: ClassName=R3S602 Member=R17
Removed Member From Class: ClassName=R3S602 Member=U6
Added Room: Name=R3S602
