Removed Member From Class: ClassName=R3S601 Member=R12
Change Component Designator: OldDesignator=C6 NewDesignator=C8
Change Component Designator: OldDesignator=C8 NewDesignator=C6
Change Component Designator: OldDesignator=C10 NewDesignator=C9
Change Component Designator: OldDesignator=C12 NewDesignator=C13
Change Component Designator: OldDesignator=C13 NewDesignator=C12
Change Component Designator: OldDesignator=C14 NewDesignator=C15
Change Component Designator: OldDesignator=C15 NewDesignator=C14
Change Component Designator: OldDesignator=C17 NewDesignator=C10
Change Component Designator: OldDesignator=C18 NewDesignator=C16
Change Component Designator: OldDesignator=C19 NewDesignator=C17
Change Component Designator: OldDesignator=C20 NewDesignator=C18
Change Component Designator: OldDesignator=C21 NewDesignator=C19
Change Component Designator: OldDesignator=C22 NewDesignator=C20
Change Component Designator: OldDesignator=C23 NewDesignator=C21
Change Component Designator: OldDesignator=C24 NewDesignator=C22
Change Component Designator: OldDesignator=C25 NewDesignator=C23
Change Component Designator: OldDesignator=R5 NewDesignator=R7
Change Component Designator: OldDesignator=R6 NewDesignator=R8
Change Component Designator: OldDesignator=R8 NewDesignator=R5
Change Component Designator: OldDesignator=R9 NewDesignator=R10
Change Component Designator: OldDesignator=R10 NewDesignator=R9
Change Component Designator: OldDesignator=R12 NewDesignator=R6
Change Net Name : Old Net Name=NetC12_2 New Net Name=NetC13_2
Change Net Name : Old Net Name=NetC14_1 New Net Name=NetC15_1
Change Net Name : Old Net Name=NetC15_1 New Net Name=NetC14_1
Change Net Name : Old Net Name=NetC18_2 New Net Name=NetC16_2
Change Net Name : Old Net Name=NetR8_1 New Net Name=NetR5_1
Change Net Name : Old Net Name=NetR12_1 New Net Name=NetR6_1
Added Member To Class: ClassName=R3S601 Member=Component R7 1¦¸ (1R00) ¡À1%
