Removed Pin From Net: NetName=GND Pin=C101-1
Removed Pin From Net: NetName=NetC101_2 Pin=C101-2
Removed Pin From Net: NetName=GND Pin=C102-1
Removed Pin From Net: NetName=+5 Pin=C102-2
Removed Pin From Net: NetName=NetC101_2 Pin=VR1-1
Removed Pin From Net: NetName=GND Pin=VR1-2
Removed Pin From Net: NetName=+5 Pin=VR1-3
Removed Member From Class: ClassName=R3S601 Member=C101
Removed Member From Class: ClassName=R3S601 Member=C102
Removed Member From Class: ClassName=R3S601 Member=VR1
Change Component Footprint: Designator=DC_IN Old Footprint=HDR1X2 New Footprint=VH-2A - Circle Hole
Change component parameters: Designator = "DC_IN"; Footprint = "VH-2A - Circle Hole"; UniqueID = "\RFERSRBW"
Change component parameters. Clean all parameters for all variants
Added Component: Designator=C9(LC-0603_C)
Add component. Clean all parameters for all variants
Add component (AddParameter): Name = "ComponentLink1Description"; Value = "供应商链接"; VariantName = "[No Variations]"
Add component (AddParameter): Name = "ComponentLink1URL"; Value = "http://www.szlcsc.com/product/details_15331.html"; VariantName = "[No Variations]"
Add component (AddParameter): Name = "Package"; Value = "0603"; VariantName = "[No Variations]"
Add component (AddParameter): Name = "Supplier"; Value = "LC"; VariantName = "[No Variations]"
Add component (AddParameter): Name = "SuppliersPartNumber"; Value = "C14663"; VariantName = "[No Variations]"
Added Component: Designator=D2(LC-SMA(DO-214AC)_S1)
Add component. Clean all parameters for all variants
Add component (AddParameter): Name = "ComponentLink1Description"; Value = "供应商链接"; VariantName = "[No Variations]"
Add component (AddParameter): Name = "ComponentLink1URL"; Value = "http://www.szlcsc.com/product/details_23178.html"; VariantName = "[No Variations]"
Add component (AddParameter): Name = "Package"; Value = "SMA(DO-214AC)"; VariantName = "[No Variations]"
Add component (AddParameter): Name = "Supplier"; Value = "LC"; VariantName = "[No Variations]"
Add component (AddParameter): Name = "SuppliersPartNumber"; Value = "C22452"; VariantName = "[No Variations]"
Added Component: Designator=U1(LC-TO-263-5)
Add component. Clean all parameters for all variants
Add component (AddParameter): Name = "ComponentLink1Description"; Value = "供应商链接"; VariantName = "[No Variations]"
Add component (AddParameter): Name = "ComponentLink1URL"; Value = "http://www.szlcsc.com/product/details_10538.html"; VariantName = "[No Variations]"
Add component (AddParameter): Name = "Package"; Value = "TO-263-5"; VariantName = "[No Variations]"
Add component (AddParameter): Name = "Supplier"; Value = "LC"; VariantName = "[No Variations]"
Add component (AddParameter): Name = "SuppliersPartNumber"; Value = "C10002"; VariantName = "[No Variations]"
Added Pin To Net: NetName=GND Pin=C9-1
Added Pin To Net: NetName=+5 Pin=C9-2
Added Pin To Net: NetName=GND Pin=D2-2
Added Pin To Net: NetName=NetC101_2 Pin=U1-1
Added Pin To Net: NetName=GND Pin=U1-3
Added Pin To Net: NetName=+5 Pin=U1-4
Added Pin To Net: NetName=GND Pin=U1-5
Change Net Name : Old Net Name=NetC101_2 New Net Name=NetC2_1
Added Pin To Net: NetName=NetD2_1 Pin=D2-1
Added Pin To Net: NetName=NetD2_1 Pin=U1-2
Added Net: Name=NetD2_1
Added Member To Class: ClassName=R3S601 Member=Component C9 100nF (104) 10% 50V
Added Member To Class: ClassName=R3S601 Member=Component D2 SS54
Added Member To Class: ClassName=R3S601 Member=Component U1 LM2596SX-5.0/NOPB
