Change Component Designator: Old Designator=C1 New Designator=C9
Change Component Designator: Old Designator=C24 New Designator=C1
Change Component Designator: Old Designator=C25 New Designator=C2
Change Component Designator: Old Designator=C26 New Designator=C3
Change Component Designator: Old Designator=C27 New Designator=C4
Change Component Designator: Old Designator=C28 New Designator=C13
Change Component Designator: Old Designator=C30 New Designator=C10
Change Component Designator: Old Designator=C33 New Designator=C5
Change Component Designator: Old Designator=C34 New Designator=C6
Change Component Designator: Old Designator=C35 New Designator=C8
Change Component Designator: Old Designator=C36 New Designator=C7
Change Component Designator: Old Designator=C37 New Designator=C11
Change Component Designator: Old Designator=C39 New Designator=C12
Change Component Designator: Old Designator=C42 New Designator=C14
Change Component Designator: Old Designator=C43 New Designator=C15
Change Component Designator: Old Designator=C44 New Designator=C16
Change Component Designator: Old Designator=C45 New Designator=C17
Change Component Designator: Old Designator=C46 New Designator=C18
Change Component Designator: Old Designator=D5 New Designator=D1
Change Component Designator: Old Designator=L4 New Designator=L1
Change Component Designator: Old Designator=R1 New Designator=R6
Change Component Designator: Old Designator=R2 New Designator=R10
Change Component Designator: Old Designator=R3 New Designator=R9
Change Component Designator: Old Designator=R11 New Designator=R2
Change Component Designator: Old Designator=R12 New Designator=R4
Change Component Designator: Old Designator=R13 New Designator=R3
Change Component Designator: Old Designator=R14 New Designator=R5
Change Component Designator: Old Designator=R16 New Designator=R7
Change Component Designator: Old Designator=R18 New Designator=R1
Change Component Designator: Old Designator=R20 New Designator=R8
Change Component Designator: Old Designator=U5 New Designator=U1
Change Component Designator: Old Designator=U5 New Designator=U1
Change Component Designator: Old Designator=VR2 New Designator=VR1
Change Component Designator: Old Designator=Y2 New Designator=Y1
