Removed Pin From Net: NetName=GND Pin=C21-1
Removed Pin From Net: NetName=+3.3 Pin=C21-2
Removed Pin From Net: NetName=GND Pin=C22-1
Removed Pin From Net: NetName=NetC22_2 Pin=C22-2
Removed Pin From Net: NetName=GND Pin=C23-1
Removed Pin From Net: NetName=NetC23_2 Pin=C23-2
Removed Pin From Net: NetName=+3.3 Pin=C24-1
Removed Pin From Net: NetName=GND Pin=C24-2
Removed Pin From Net: NetName=+5 Pin=C25-1
Removed Pin From Net: NetName=GND Pin=C25-2
Removed Pin From Net: NetName=+5 Pin=C26-1
Removed Pin From Net: NetName=GND Pin=C26-2
Removed Pin From Net: NetName=NetR7_1 Pin=R7-1
Removed Pin From Net: NetName=+5 Pin=R7-2
Removed Pin From Net: NetName=NetC15_1 Pin=R10-1
Removed Pin From Net: NetName=NetC16_2 Pin=R10-2
Removed Pin From Net: NetName=GND Pin=U3-1
Removed Pin From Net: NetName=U_RX Pin=U3-2
Removed Pin From Net: NetName=U_TX Pin=U3-3
Removed Pin From Net: NetName=+3.3 Pin=U3-4
Removed Pin From Net: NetName=NetU3_5 Pin=U3-5
Removed Pin From Net: NetName=NetC22_2 Pin=U3-7
Removed Pin From Net: NetName=NetC23_2 Pin=U3-8
Removed Pin From Net: NetName=+5 Pin=U3-16
Removed Pin From Net: NetName=GND Pin=USB_SLAVE-1
Removed Pin From Net: NetName=NetU3_5 Pin=USB_SLAVE-2
Removed Pin From Net: NetName=NetR7_1 Pin=USB_SLAVE-4
Removed Pin From Net: NetName=NetC22_2 Pin=Y2-1
Removed Pin From Net: NetName=NetC23_2 Pin=Y2-2
Removed Member From Class: ClassName=R3S601 Member=C26
Removed Member From Class: ClassName=R3S601 Member=C103
Removed Member From Class: ClassName=R3S601 Member=C105
Removed Member From Class: ClassName=R3S601 Member=P?
Removed Member From Class: ClassName=R3S601 Member=R7
Removed Member From Class: ClassName=R3S601 Member=Y2
Change Component Footprint: Designator=USB_SLAVE Old Footprint=HDR1X4 New Footprint=USB/SM0.8-6H5
Change Component Footprint: Designator=U3 Old Footprint=LC-SOIC-16_150mil New Footprint=LC-MSOP-10
Change Component Comment : Designator=C25 Old Comment=10uF (106) 10% 25V New Comment=1uF (105) 10% 50V
Change Component Comment : Designator=U3 Old Comment=CH340G New Comment=CH340E
Change Component Comment : Designator=USB_SLAVE Old Comment=Header 4 New Comment=USB-B(Mini)
Change Component Designator: OldDesignator=C1 NewDesignator=C9
Change Component Designator: OldDesignator=C2 NewDesignator=C5
Change Component Designator: OldDesignator=C3 NewDesignator=C1
Change Component Designator: OldDesignator=C4 NewDesignator=C6
Change Component Designator: OldDesignator=C5 NewDesignator=C2
Change Component Designator: OldDesignator=C6 NewDesignator=C3
Change Component Designator: OldDesignator=C7 NewDesignator=C4
Change Component Designator: OldDesignator=C9 NewDesignator=C10
Change Component Designator: OldDesignator=C10 NewDesignator=C7
Change Component Designator: OldDesignator=C11 NewDesignator=C15
Change Component Designator: OldDesignator=C15 NewDesignator=C14
Change Component Designator: OldDesignator=C16 NewDesignator=C17
Change Component Designator: OldDesignator=C17 NewDesignator=C21
Change Component Designator: OldDesignator=C18 NewDesignator=C22
Change Component Designator: OldDesignator=C19 NewDesignator=C23
Change Component Designator: OldDesignator=C20 NewDesignator=C24
Change Component Designator: OldDesignator=C103 NewDesignator=C11
Change Component Designator: OldDesignator=C104 NewDesignator=C13
Change Component Designator: OldDesignator=C105 NewDesignator=C16
Change Component Designator: OldDesignator=L0 NewDesignator=L2
Change Component Designator: OldDesignator=R0 NewDesignator=R7
Change Component Designator: OldDesignator=R6 NewDesignator=R10
Change Component Designator: OldDesignator=R9 NewDesignator=R11
Change Component Designator: OldDesignator=R11 NewDesignator=R6
Change Component Designator: OldDesignator=VR2 NewDesignator=VR1
Change component parameters: Designator = "C10"; Footprint = "LC-0603_C"; UniqueID = "\JCJQVKXW"
Change component parameters. Clean all parameters for all variants
Change component parameters (AddParameter): Name = "ComponentLink1Description"; Value = "供应商链接"; VariantName = "[No Variations]"
Change component parameters (AddParameter): Name = "ComponentLink1URL"; Value = "http://www.szlcsc.com/product/details_15331.html"; VariantName = "[No Variations]"
Change component parameters (AddParameter): Name = "Package"; Value = "0603"; VariantName = "[No Variations]"
Change component parameters (AddParameter): Name = "Supplier"; Value = "LC"; VariantName = "[No Variations]"
Change component parameters (AddParameter): Name = "SuppliersPartNumber"; Value = "C14663"; VariantName = "[No Variations]"
Change component parameters: Designator = "C7"; Footprint = "LC-0805_C"; UniqueID = "\ECPJGHJJ"
Change component parameters. Clean all parameters for all variants
Change component parameters (AddParameter): Name = "ComponentLink1Description"; Value = "供应商链接"; VariantName = "[No Variations]"
Change component parameters (AddParameter): Name = "ComponentLink1URL"; Value = "http://www.szlcsc.com/product/details_50686.html"; VariantName = "[No Variations]"
Change component parameters (AddParameter): Name = "Package"; Value = "0805"; VariantName = "[No Variations]"
Change component parameters (AddParameter): Name = "Supplier"; Value = "LC"; VariantName = "[No Variations]"
Change component parameters (AddParameter): Name = "SuppliersPartNumber"; Value = "C49678"; VariantName = "[No Variations]"
Change component parameters: Designator = "D2"; Footprint = "LC-SMA(DO-214AC)_S1"; UniqueID = "\SUSDGVWV"
Change component parameters. Clean all parameters for all variants
Change component parameters (AddParameter): Name = "ComponentLink1Description"; Value = "供应商链接"; VariantName = "[No Variations]"
Change component parameters (AddParameter): Name = "ComponentLink1URL"; Value = "http://www.szlcsc.com/product/details_23178.html"; VariantName = "[No Variations]"
Change component parameters (AddParameter): Name = "Package"; Value = "SMA(DO-214AC)"; VariantName = "[No Variations]"
Change component parameters (AddParameter): Name = "Supplier"; Value = "LC"; VariantName = "[No Variations]"
Change component parameters (AddParameter): Name = "SuppliersPartNumber"; Value = "C22452"; VariantName = "[No Variations]"
Change component parameters: Designator = "U1"; Footprint = "LC-TO-263-5"; UniqueID = "\UPKNEGFS"
Change component parameters. Clean all parameters for all variants
Change component parameters (AddParameter): Name = "ComponentLink1Description"; Value = "供应商链接"; VariantName = "[No Variations]"
Change component parameters (AddParameter): Name = "ComponentLink1URL"; Value = "http://www.szlcsc.com/product/details_10538.html"; VariantName = "[No Variations]"
Change component parameters (AddParameter): Name = "Package"; Value = "TO-263-5"; VariantName = "[No Variations]"
Change component parameters (AddParameter): Name = "Supplier"; Value = "LC"; VariantName = "[No Variations]"
Change component parameters (AddParameter): Name = "SuppliersPartNumber"; Value = "C10002"; VariantName = "[No Variations]"
Change component parameters: Designator = "C25"; Footprint = "LC-0805_C"; UniqueID = "\PDFXLTFK"
Change component parameters. Clean all parameters for all variants
Change component parameters (AddParameter): Name = "ComponentLink1Description"; Value = "供应商链接"; VariantName = "[No Variations]"
Change component parameters (AddParameter): Name = "ComponentLink1URL"; Value = "http://www.szlcsc.com/product/details_29074.html"; VariantName = "[No Variations]"
Change component parameters (AddParameter): Name = "Package"; Value = "0805"; VariantName = "[No Variations]"
Change component parameters (AddParameter): Name = "Supplier"; Value = "LC"; VariantName = "[No Variations]"
Change component parameters (AddParameter): Name = "SuppliersPartNumber"; Value = "C28323"; VariantName = "[No Variations]"
Change component parameters: Designator = "USB_SLAVE"; Footprint = "USB/SM0.8-6H5"; UniqueID = "\BFBRMNTS"
Change component parameters. Clean all parameters for all variants
Added Component: Designator=C18(LC-0805_C)
Add component. Clean all parameters for all variants
Add component (AddParameter): Name = "ComponentLink1Description"; Value = "供应商链接"; VariantName = "[No Variations]"
Add component (AddParameter): Name = "ComponentLink1URL"; Value = "http://www.szlcsc.com/product/details_50686.html"; VariantName = "[No Variations]"
Add component (AddParameter): Name = "Package"; Value = "0805"; VariantName = "[No Variations]"
Add component (AddParameter): Name = "Supplier"; Value = "LC"; VariantName = "[No Variations]"
Add component (AddParameter): Name = "SuppliersPartNumber"; Value = "C49678"; VariantName = "[No Variations]"
Added Component: Designator=C19(LC-0805_C)
Add component. Clean all parameters for all variants
Add component (AddParameter): Name = "ComponentLink1Description"; Value = "供应商链接"; VariantName = "[No Variations]"
Add component (AddParameter): Name = "ComponentLink1URL"; Value = "http://www.szlcsc.com/product/details_50686.html"; VariantName = "[No Variations]"
Add component (AddParameter): Name = "Package"; Value = "0805"; VariantName = "[No Variations]"
Add component (AddParameter): Name = "Supplier"; Value = "LC"; VariantName = "[No Variations]"
Add component (AddParameter): Name = "SuppliersPartNumber"; Value = "C49678"; VariantName = "[No Variations]"
Added Component: Designator=C20(LC-0805_C)
Add component. Clean all parameters for all variants
Add component (AddParameter): Name = "ComponentLink1Description"; Value = "供应商链接"; VariantName = "[No Variations]"
Add component (AddParameter): Name = "ComponentLink1URL"; Value = "http://www.szlcsc.com/product/details_16532.html"; VariantName = "[No Variations]"
Add component (AddParameter): Name = "Package"; Value = "0805"; VariantName = "[No Variations]"
Add component (AddParameter): Name = "Supplier"; Value = "LC"; VariantName = "[No Variations]"
Add component (AddParameter): Name = "SuppliersPartNumber"; Value = "C15850"; VariantName = "[No Variations]"
Added Component: Designator=P1(HDR1X4)
Add component. Clean all parameters for all variants
Add component (AddParameter): Name = "LatestRevisionDate"; Value = "17-Jul-2002"; VariantName = "[No Variations]"
Add component (AddParameter): Name = "LatestRevisionNote"; Value = "Re-released for DXP Platform."; VariantName = "[No Variations]"
Add component (AddParameter): Name = "Publisher"; Value = "Altium Limited"; VariantName = "[No Variations]"
Added Component: Designator=R8(LC-0603_R)
Add component. Clean all parameters for all variants
Add component (AddParameter): Name = "ComponentLink1Description"; Value = "供应商链接"; VariantName = "[No Variations]"
Add component (AddParameter): Name = "ComponentLink1URL"; Value = "http://www.szlcsc.com/product/details_23663.html"; VariantName = "[No Variations]"
Add component (AddParameter): Name = "Package"; Value = "0603"; VariantName = "[No Variations]"
Add component (AddParameter): Name = "Supplier"; Value = "LC"; VariantName = "[No Variations]"
Add component (AddParameter): Name = "SuppliersPartNumber"; Value = "C22936"; VariantName = "[No Variations]"
Added Component: Designator=R9(LC-0805_R)
Add component. Clean all parameters for all variants
Add component (AddParameter): Name = "ComponentLink1Description"; Value = "供应商链接"; VariantName = "[No Variations]"
Add component (AddParameter): Name = "ComponentLink1URL"; Value = "http://www.szlcsc.com/product/details_26851.html"; VariantName = "[No Variations]"
Add component (AddParameter): Name = "Package"; Value = "0805"; VariantName = "[No Variations]"
Add component (AddParameter): Name = "Supplier"; Value = "LC"; VariantName = "[No Variations]"
Add component (AddParameter): Name = "SuppliersPartNumber"; Value = "C26108"; VariantName = "[No Variations]"
Added Pin To Net: NetName=NetC22_2 Pin=C18-1
Added Pin To Net: NetName=GND Pin=C18-2
Added Pin To Net: NetName=+5 Pin=C19-1
Added Pin To Net: NetName=GND Pin=C19-2
Added Pin To Net: NetName=+5 Pin=C20-1
Added Pin To Net: NetName=GND Pin=C20-2
Added Pin To Net: NetName=GND Pin=C25-1
Added Pin To Net: NetName=+3.3 Pin=C25-2
Added Pin To Net: NetName=GND Pin=P1-1
Added Pin To Net: NetName=NetC23_2 Pin=P1-2
Added Pin To Net: NetName=NetR7_1 Pin=P1-3
Added Pin To Net: NetName=NetU3_5 Pin=P1-4
Added Pin To Net: NetName=NetU3_5 Pin=R8-1
Added Pin To Net: NetName=+5 Pin=R8-2
Added Pin To Net: NetName=NetC15_1 Pin=R9-1
Added Pin To Net: NetName=NetC16_2 Pin=R9-2
Added Pin To Net: NetName=NetC23_2 Pin=U3-1
Added Pin To Net: NetName=NetR7_1 Pin=U3-2
Added Pin To Net: NetName=GND Pin=U3-3
Added Pin To Net: NetName=+5 Pin=U3-7
Added Pin To Net: NetName=U_RX Pin=U3-8
Added Pin To Net: NetName=U_TX Pin=U3-9
Added Pin To Net: NetName=NetC22_2 Pin=U3-10
Added Pin To Net: NetName=NetU3_5 Pin=USB_SLAVE-1
Added Pin To Net: NetName=NetR7_1 Pin=USB_SLAVE-2
Added Pin To Net: NetName=NetC23_2 Pin=USB_SLAVE-3
Added Pin To Net: NetName=GND Pin=USB_SLAVE-5
Change Net Name : Old Net Name=NetC2_1 New Net Name=NetC5_1
Change Net Name : Old Net Name=NetC15_1 New Net Name=NetC14_1
Change Net Name : Old Net Name=NetC16_2 New Net Name=NetC17_2
Change Net Name : Old Net Name=NetC22_2 New Net Name=NetC18_1
Change Net Name : Old Net Name=NetC23_2 New Net Name=NetP1_2
Change Net Name : Old Net Name=NetL0_2 New Net Name=NetL2_2
Change Net Name : Old Net Name=NetR7_1 New Net Name=NetP1_3
Change Net Name : Old Net Name=NetR9_2 New Net Name=NetR11_2
Change Net Name : Old Net Name=NetR11_1 New Net Name=NetR6_1
Change Net Name : Old Net Name=NetU3_5 New Net Name=NetP1_4
Added Member To Class: ClassName=R3S601 Member=Component C15 100nF(104) 10% 50V
Added Member To Class: ClassName=R3S601 Member=Component P1 Header 4
Added Member To Class: ClassName=R3S601 Member=Component R8 1Ω (1R00) ±1%
